TN:
SF:src\client.ts
FN:121,(anonymous_9)
FN:184,(anonymous_10)
FN:229,(anonymous_12)
FN:270,(anonymous_14)
FN:288,(anonymous_16)
FN:306,(anonymous_18)
FN:325,(anonymous_20)
FN:341,(anonymous_22)
FN:384,(anonymous_24)
FN:424,(anonymous_26)
FN:443,(anonymous_28)
FN:474,(anonymous_30)
FN:546,(anonymous_32)
FN:609,(anonymous_34)
FN:635,(anonymous_36)
FN:651,(anonymous_38)
FN:684,(anonymous_40)
FN:708,(anonymous_42)
FN:735,(anonymous_44)
FN:763,(anonymous_46)
FN:792,(anonymous_48)
FN:829,(anonymous_50)
FN:866,(anonymous_52)
FN:892,(anonymous_54)
FN:917,(anonymous_56)
FN:926,(anonymous_57)
FN:940,(anonymous_58)
FN:1013,(anonymous_60)
FN:1044,(anonymous_62)
FN:1081,(anonymous_64)
FN:1157,(anonymous_66)
FN:1197,(anonymous_68)
FN:1223,(anonymous_70)
FN:1249,(anonymous_72)
FN:1279,(anonymous_74)
FN:1305,(anonymous_76)
FN:1338,(anonymous_78)
FN:1360,(anonymous_80)
FN:1382,(anonymous_82)
FN:1409,(anonymous_84)
FN:1431,(anonymous_86)
FN:1453,(anonymous_88)
FN:1474,(anonymous_90)
FN:1509,(anonymous_92)
FN:1549,(anonymous_94)
FN:1578,(anonymous_96)
FN:1614,(anonymous_98)
FN:1648,(anonymous_100)
FN:1745,(anonymous_102)
FN:1765,(anonymous_104)
FN:1803,(anonymous_106)
FN:1816,(anonymous_107)
FN:1820,(anonymous_108)
FN:1842,(anonymous_110)
FN:1914,(anonymous_112)
FNF:55
FNH:43
FNDA:141,(anonymous_9)
FNDA:12,(anonymous_10)
FNDA:20,(anonymous_12)
FNDA:34,(anonymous_14)
FNDA:2,(anonymous_16)
FNDA:18,(anonymous_18)
FNDA:1,(anonymous_20)
FNDA:38,(anonymous_22)
FNDA:9,(anonymous_24)
FNDA:2,(anonymous_26)
FNDA:2,(anonymous_28)
FNDA:9,(anonymous_30)
FNDA:73,(anonymous_32)
FNDA:37,(anonymous_34)
FNDA:25,(anonymous_36)
FNDA:166,(anonymous_38)
FNDA:3,(anonymous_40)
FNDA:2,(anonymous_42)
FNDA:26,(anonymous_44)
FNDA:44,(anonymous_46)
FNDA:3,(anonymous_48)
FNDA:3,(anonymous_50)
FNDA:2,(anonymous_52)
FNDA:0,(anonymous_54)
FNDA:5,(anonymous_56)
FNDA:2,(anonymous_57)
FNDA:12,(anonymous_58)
FNDA:8,(anonymous_60)
FNDA:3,(anonymous_62)
FNDA:8,(anonymous_64)
FNDA:4,(anonymous_66)
FNDA:0,(anonymous_68)
FNDA:0,(anonymous_70)
FNDA:0,(anonymous_72)
FNDA:0,(anonymous_74)
FNDA:0,(anonymous_76)
FNDA:0,(anonymous_78)
FNDA:0,(anonymous_80)
FNDA:0,(anonymous_82)
FNDA:2,(anonymous_84)
FNDA:0,(anonymous_86)
FNDA:0,(anonymous_88)
FNDA:0,(anonymous_90)
FNDA:2,(anonymous_92)
FNDA:3,(anonymous_94)
FNDA:10,(anonymous_96)
FNDA:1,(anonymous_98)
FNDA:211,(anonymous_100)
FNDA:489,(anonymous_102)
FNDA:5,(anonymous_104)
FNDA:274,(anonymous_106)
FNDA:87,(anonymous_107)
FNDA:52,(anonymous_108)
FNDA:206,(anonymous_110)
FNDA:26,(anonymous_112)
DA:2,1
DA:3,1
DA:5,1
DA:6,1
DA:7,1
DA:12,1
DA:13,1
DA:14,1
DA:15,1
DA:16,1
DA:17,1
DA:18,1
DA:19,1
DA:20,1
DA:21,1
DA:22,1
DA:23,1
DA:24,1
DA:25,1
DA:28,1
DA:29,1
DA:30,1
DA:31,1
DA:32,1
DA:33,1
DA:35,1
DA:36,1
DA:37,1
DA:38,1
DA:39,1
DA:40,1
DA:43,1
DA:90,1
DA:92,1
DA:100,141
DA:122,141
DA:123,141
DA:124,141
DA:125,141
DA:126,141
DA:130,141
DA:131,2
DA:132,2
DA:133,1
DA:135,1
DA:136,1
DA:140,140
DA:142,106
DA:144,106
DA:146,106
DA:148,1
DA:151,105
DA:153,105
DA:155,105
DA:156,105
DA:157,105
DA:158,1
DA:160,104
DA:163,105
DA:165,105
DA:172,105
DA:175,139
DA:176,34
DA:177,34
DA:185,12
DA:186,12
DA:190,12
DA:196,12
DA:198,4
DA:199,4
DA:200,19
DA:201,9
DA:205,9
DA:206,3
DA:211,4
DA:212,1
DA:213,1
DA:215,3
DA:216,3
DA:231,20
DA:234,20
DA:235,20
DA:236,2
DA:240,18
DA:246,18
DA:252,18
DA:253,18
DA:254,18
DA:255,1
DA:259,17
DA:261,17
DA:262,17
DA:272,34
DA:274,34
DA:275,34
DA:276,54
DA:277,14
DA:280,20
DA:290,2
DA:292,2
DA:293,2
DA:294,4
DA:295,1
DA:298,1
DA:308,18
DA:310,18
DA:314,18
DA:327,1
DA:329,1
DA:331,1
DA:333,2
DA:342,38
DA:343,38
DA:357,38
DA:359,38
DA:365,38
DA:366,38
DA:368,38
DA:369,70
DA:377,38
DA:385,9
DA:387,9
DA:401,9
DA:402,9
DA:408,9
DA:409,9
DA:411,9
DA:412,16
DA:415,9
DA:416,9
DA:425,2
DA:427,2
DA:431,2
DA:436,2
DA:444,2
DA:446,2
DA:456,2
DA:462,2
DA:464,2
DA:465,2
DA:466,1
DA:470,1
DA:471,1
DA:475,9
DA:477,9
DA:503,9
DA:504,9
DA:510,8
DA:512,8
DA:514,8
DA:515,20
DA:516,20
DA:517,16
DA:519,20
DA:520,8
DA:522,12
DA:523,12
DA:524,12
DA:525,12
DA:526,12
DA:527,12
DA:528,4
DA:529,4
DA:530,4
DA:532,8
DA:534,12
DA:538,8
DA:547,73
DA:548,73
DA:550,73
DA:551,73
DA:552,225
DA:553,1
DA:559,72
DA:560,72
DA:561,34
DA:562,34
DA:565,38
DA:566,38
DA:567,38
DA:570,5
DA:571,5
DA:572,5
DA:573,5
DA:575,5
DA:577,16
DA:578,16
DA:579,16
DA:581,16
DA:582,14
DA:585,14
DA:586,14
DA:588,2
DA:594,38
DA:595,38
DA:596,37
DA:597,37
DA:599,1
DA:611,37
DA:612,37
DA:614,37
DA:617,37
DA:618,37
DA:626,1
DA:627,1
DA:636,25
DA:637,25
DA:639,25
DA:641,25
DA:642,23
DA:652,166
DA:653,166
DA:656,166
DA:657,4
DA:660,162
DA:661,162
DA:662,99
DA:663,99
DA:664,98
DA:670,1
DA:671,1
DA:674,63
DA:675,63
DA:685,3
DA:686,3
DA:687,3
DA:689,3
DA:691,3
DA:692,4
DA:693,4
DA:700,3
DA:709,2
DA:710,2
DA:711,2
DA:713,2
DA:715,2
DA:716,2
DA:718,2
DA:727,2
DA:737,26
DA:738,1
DA:741,26
DA:742,26
DA:744,26
DA:747,26
DA:748,26
DA:751,26
DA:753,26
DA:754,1
DA:756,25
DA:764,44
DA:766,44
DA:767,44
DA:768,39
DA:769,39
DA:770,38
DA:778,1
DA:779,1
DA:782,5
DA:783,5
DA:794,3
DA:795,3
DA:797,3
DA:799,3
DA:803,3
DA:804,3
DA:812,1
DA:813,1
DA:816,2
DA:817,2
DA:818,1
DA:821,1
DA:831,3
DA:832,3
DA:834,3
DA:836,3
DA:840,3
DA:841,3
DA:849,1
DA:850,1
DA:853,2
DA:854,2
DA:855,1
DA:858,1
DA:867,2
DA:868,2
DA:869,2
DA:873,2
DA:874,2
DA:880,1
DA:881,1
DA:884,1
DA:893,0
DA:894,0
DA:895,0
DA:899,0
DA:900,0
DA:906,0
DA:907,0
DA:909,0
DA:918,5
DA:919,5
DA:927,2
DA:928,2
DA:941,12
DA:942,12
DA:944,12
DA:945,1
DA:948,11
DA:956,11
DA:962,11
DA:1014,8
DA:1016,8
DA:1023,8
DA:1029,8
DA:1045,3
DA:1046,3
DA:1047,1
DA:1050,3
DA:1051,1
DA:1054,3
DA:1063,3
DA:1069,3
DA:1070,3
DA:1071,3
DA:1072,6
DA:1075,3
DA:1082,8
DA:1087,8
DA:1093,8
DA:1095,8
DA:1096,8
DA:1097,8
DA:1098,8
DA:1099,8
DA:1101,8
DA:1102,7
DA:1103,6
DA:1104,5
DA:1106,1
DA:1109,5
DA:1110,4
DA:1112,1
DA:1115,4
DA:1116,3
DA:1118,1
DA:1121,1
DA:1124,3
DA:1125,2
DA:1127,1
DA:1130,2
DA:1131,1
DA:1133,1
DA:1137,1
DA:1140,1
DA:1154,1
DA:1158,4
DA:1163,4
DA:1169,4
DA:1173,4
DA:1179,1
DA:1185,3
DA:1188,1
DA:1198,0
DA:1203,0
DA:1209,0
DA:1211,0
DA:1213,0
DA:1214,0
DA:1216,0
DA:1219,0
DA:1220,0
DA:1224,0
DA:1229,0
DA:1235,0
DA:1237,0
DA:1239,0
DA:1240,0
DA:1242,0
DA:1245,0
DA:1246,0
DA:1250,0
DA:1259,0
DA:1260,0
DA:1261,0
DA:1264,0
DA:1269,0
DA:1270,0
DA:1280,0
DA:1285,0
DA:1291,0
DA:1293,0
DA:1295,0
DA:1296,0
DA:1298,0
DA:1301,0
DA:1303,0
DA:1306,0
DA:1311,0
DA:1317,0
DA:1319,0
DA:1321,0
DA:1322,0
DA:1324,0
DA:1327,0
DA:1329,0
DA:1339,0
DA:1344,0
DA:1350,0
DA:1351,0
DA:1352,0
DA:1355,0
DA:1357,0
DA:1361,0
DA:1366,0
DA:1372,0
DA:1373,0
DA:1374,0
DA:1377,0
DA:1379,0
DA:1383,0
DA:1388,0
DA:1394,0
DA:1395,0
DA:1396,0
DA:1398,0
DA:1400,0
DA:1410,2
DA:1415,2
DA:1421,2
DA:1422,2
DA:1423,2
DA:1426,1
DA:1428,2
DA:1432,0
DA:1437,0
DA:1443,0
DA:1444,0
DA:1445,0
DA:1448,0
DA:1450,0
DA:1454,0
DA:1459,0
DA:1465,0
DA:1466,0
DA:1467,0
DA:1469,0
DA:1471,0
DA:1475,0
DA:1485,0
DA:1486,0
DA:1491,0
DA:1498,0
DA:1511,2
DA:1512,2
DA:1514,2
DA:1520,2
DA:1525,2
DA:1528,2
DA:1534,2
DA:1535,2
DA:1536,2
DA:1551,3
DA:1553,3
DA:1559,3
DA:1564,3
DA:1566,3
DA:1580,10
DA:1585,10
DA:1589,10
DA:1591,10
DA:1597,10
DA:1598,10
DA:1616,1
DA:1621,1
DA:1625,1
DA:1627,1
DA:1649,211
DA:1651,211
DA:1652,1
DA:1655,210
DA:1656,1
DA:1659,209
DA:1661,209
DA:1662,1
DA:1664,208
DA:1667,208
DA:1670,208
DA:1671,1
DA:1675,207
DA:1676,156
DA:1683,207
DA:1684,207
DA:1686,323
DA:1687,1
DA:1690,322
DA:1691,1
DA:1693,321
DA:1696,321
DA:1697,187
DA:1700,321
DA:1701,455
DA:1702,1
DA:1704,454
DA:1705,272
DA:1706,1
DA:1708,271
DA:1709,271
DA:1710,271
DA:1715,203
DA:1747,489
DA:1748,210
DA:1752,489
DA:1753,47
DA:1766,5
DA:1767,5
DA:1768,5
DA:1769,5
DA:1771,5
DA:1772,3
DA:1774,2
DA:1776,5
DA:1777,5
DA:1782,4
DA:1784,4
DA:1785,6
DA:1787,4
DA:1791,2
DA:1792,2
DA:1797,1
DA:1800,5
DA:1804,274
DA:1805,3
DA:1808,274
DA:1809,274
DA:1810,7
DA:1813,274
DA:1817,87
DA:1822,52
DA:1823,52
DA:1825,52
DA:1828,52
DA:1829,52
DA:1837,5
DA:1838,5
DA:1844,206
DA:1845,206
DA:1847,206
DA:1870,206
DA:1871,206
DA:1879,67
DA:1880,67
DA:1883,139
DA:1884,139
DA:1886,139
DA:1887,138
DA:1895,138
DA:1896,39
DA:1898,99
DA:1901,138
DA:1902,38
DA:1906,139
DA:1907,1
DA:1908,1
DA:1911,138
DA:1916,26
DA:1917,26
DA:1919,26
DA:1924,26
DA:1925,26
DA:1926,25
DA:1928,1
DA:1930,26
DA:1937,26
LF:574
LH:483
BRDA:130,0,0,2
BRDA:130,0,1,139
BRDA:140,1,0,106
BRDA:140,1,1,34
BRDA:146,2,0,1
BRDA:146,2,1,105
BRDA:157,3,0,1
BRDA:157,3,1,104
BRDA:175,4,0,34
BRDA:175,4,1,105
BRDA:200,5,0,9
BRDA:200,5,1,10
BRDA:205,6,0,3
BRDA:205,6,1,6
BRDA:211,7,0,1
BRDA:211,7,1,3
BRDA:235,8,0,2
BRDA:235,8,1,18
BRDA:254,9,0,1
BRDA:254,9,1,17
BRDA:254,10,0,18
BRDA:254,10,1,18
BRDA:276,11,0,14
BRDA:276,11,1,40
BRDA:294,12,0,1
BRDA:294,12,1,3
BRDA:465,13,0,1
BRDA:465,13,1,1
BRDA:516,14,0,16
BRDA:516,14,1,4
BRDA:519,15,0,8
BRDA:519,15,1,12
BRDA:527,16,0,4
BRDA:527,16,1,8
BRDA:552,17,0,1
BRDA:552,17,1,224
BRDA:552,18,0,225
BRDA:552,18,1,225
BRDA:560,19,0,34
BRDA:560,19,1,38
BRDA:581,20,0,14
BRDA:581,20,1,2
BRDA:595,21,0,37
BRDA:595,21,1,1
BRDA:641,22,0,23
BRDA:641,22,1,2
BRDA:656,23,0,4
BRDA:656,23,1,162
BRDA:656,24,0,166
BRDA:656,24,1,162
BRDA:663,25,0,98
BRDA:663,25,1,1
BRDA:737,26,0,1
BRDA:737,26,1,25
BRDA:753,27,0,1
BRDA:753,27,1,25
BRDA:769,28,0,38
BRDA:769,28,1,1
BRDA:775,29,0,38
BRDA:775,29,1,1
BRDA:776,30,0,38
BRDA:776,30,1,1
BRDA:817,31,0,1
BRDA:817,31,1,1
BRDA:854,32,0,1
BRDA:854,32,1,1
BRDA:944,33,0,1
BRDA:944,33,1,11
BRDA:1046,34,0,1
BRDA:1046,34,1,2
BRDA:1050,35,0,1
BRDA:1050,35,1,2
BRDA:1101,36,0,7
BRDA:1101,36,1,1
BRDA:1101,37,0,8
BRDA:1101,37,1,8
BRDA:1101,37,2,7
BRDA:1102,38,0,6
BRDA:1102,38,1,1
BRDA:1103,39,0,5
BRDA:1103,39,1,1
BRDA:1109,40,0,4
BRDA:1109,40,1,1
BRDA:1115,41,0,3
BRDA:1115,41,1,1
BRDA:1124,42,0,2
BRDA:1124,42,1,1
BRDA:1130,43,0,1
BRDA:1130,43,1,1
BRDA:1173,44,0,1
BRDA:1173,44,1,3
BRDA:1173,45,0,4
BRDA:1173,45,1,4
BRDA:1173,45,2,4
BRDA:1173,45,3,4
BRDA:1173,45,4,3
BRDA:1173,45,5,2
BRDA:1213,46,0,0
BRDA:1213,46,1,0
BRDA:1213,47,0,0
BRDA:1213,47,1,0
BRDA:1213,47,2,0
BRDA:1239,48,0,0
BRDA:1239,48,1,0
BRDA:1239,49,0,0
BRDA:1239,49,1,0
BRDA:1239,49,2,0
BRDA:1260,50,0,0
BRDA:1260,50,1,0
BRDA:1295,51,0,0
BRDA:1295,51,1,0
BRDA:1295,52,0,0
BRDA:1295,52,1,0
BRDA:1295,52,2,0
BRDA:1321,53,0,0
BRDA:1321,53,1,0
BRDA:1321,54,0,0
BRDA:1321,54,1,0
BRDA:1321,54,2,0
BRDA:1352,55,0,0
BRDA:1352,55,1,0
BRDA:1352,56,0,0
BRDA:1352,56,1,0
BRDA:1352,56,2,0
BRDA:1374,57,0,0
BRDA:1374,57,1,0
BRDA:1374,58,0,0
BRDA:1374,58,1,0
BRDA:1374,58,2,0
BRDA:1396,59,0,0
BRDA:1396,59,1,0
BRDA:1396,60,0,0
BRDA:1396,60,1,0
BRDA:1423,61,0,1
BRDA:1423,61,1,1
BRDA:1423,62,0,2
BRDA:1423,62,1,2
BRDA:1423,62,2,2
BRDA:1445,63,0,0
BRDA:1445,63,1,0
BRDA:1445,64,0,0
BRDA:1445,64,1,0
BRDA:1445,64,2,0
BRDA:1467,65,0,0
BRDA:1467,65,1,0
BRDA:1467,66,0,0
BRDA:1467,66,1,0
BRDA:1651,67,0,1
BRDA:1651,67,1,210
BRDA:1655,68,0,1
BRDA:1655,68,1,209
BRDA:1661,69,0,1
BRDA:1661,69,1,208
BRDA:1670,70,0,1
BRDA:1670,70,1,207
BRDA:1670,71,0,208
BRDA:1670,71,1,207
BRDA:1675,72,0,156
BRDA:1675,72,1,51
BRDA:1675,73,0,207
BRDA:1675,73,1,52
BRDA:1686,74,0,1
BRDA:1686,74,1,322
BRDA:1690,75,0,1
BRDA:1690,75,1,321
BRDA:1696,76,0,187
BRDA:1696,76,1,134
BRDA:1696,77,0,321
BRDA:1696,77,1,135
BRDA:1701,78,0,1
BRDA:1701,78,1,454
BRDA:1704,79,0,272
BRDA:1704,79,1,182
BRDA:1705,80,0,1
BRDA:1705,80,1,271
BRDA:1747,81,0,210
BRDA:1747,81,1,279
BRDA:1752,82,0,47
BRDA:1771,83,0,3
BRDA:1771,83,1,2
BRDA:1785,84,0,4
BRDA:1785,84,1,2
BRDA:1804,85,0,3
BRDA:1804,85,1,271
BRDA:1809,86,0,7
BRDA:1809,86,1,267
BRDA:1895,87,0,39
BRDA:1895,87,1,99
BRDA:1901,88,0,38
BRDA:1901,88,1,100
BRDA:1906,89,0,1
BRDA:1906,89,1,138
BRDA:1925,90,0,25
BRDA:1925,90,1,1
BRF:194
BRH:149
end_of_record
TN:
SF:src\environment.ts
FN:13,(anonymous_1)
FN:32,(anonymous_2)
FNF:2
FNH:2
FNDA:111,(anonymous_1)
FNDA:111,(anonymous_2)
DA:1,1
DA:2,1
DA:3,1
DA:5,1
DA:7,1
DA:14,111
DA:15,111
DA:16,111
DA:17,111
DA:20,110
DA:22,1
DA:34,111
DA:35,2
DA:39,109
DA:40,1
DA:44,108
DA:45,1
DA:49,107
LF:18
LH:18
BRDA:17,0,0,110
BRDA:17,0,1,1
BRDA:17,1,0,111
BRDA:17,1,1,4
BRDA:17,1,2,3
BRDA:17,1,3,2
BRDA:17,1,4,108
BRDA:34,2,0,2
BRDA:34,2,1,109
BRDA:39,3,0,1
BRDA:39,3,1,108
BRDA:44,4,0,1
BRDA:44,4,1,107
BRF:13
BRH:13
end_of_record
TN:
SF:src\environmentVcapServices.ts
FN:21,(anonymous_1)
FN:64,(anonymous_2)
FNF:2
FNH:2
FNDA:8,(anonymous_1)
FNDA:2,(anonymous_2)
DA:2,1
DA:4,1
DA:5,1
DA:6,1
DA:7,1
DA:9,1
DA:16,1
DA:23,8
DA:24,2
DA:27,6
DA:28,6
DA:30,6
DA:31,1
DA:32,1
DA:35,5
DA:36,1
DA:41,4
DA:42,1
DA:47,3
DA:48,1
DA:53,2
DA:54,2
DA:55,2
DA:65,2
LF:24
LH:24
BRDA:23,0,0,2
BRDA:23,0,1,6
BRDA:30,1,0,1
BRDA:30,1,1,5
BRDA:30,2,0,6
BRDA:30,2,1,6
BRDA:30,2,2,6
BRDA:30,2,3,2
BRDA:30,2,4,1
BRDA:35,3,0,1
BRDA:35,3,1,4
BRDA:41,4,0,1
BRDA:41,4,1,3
BRDA:47,5,0,1
BRDA:47,5,1,2
BRF:15
BRH:15
end_of_record
TN:
SF:src\error.ts
FN:8,(anonymous_0)
FNF:1
FNH:1
FNDA:130,(anonymous_0)
DA:2,1
DA:4,1
DA:9,130
DA:10,130
DA:11,130
LF:5
LH:5
BRF:0
BRH:0
end_of_record
TN:
SF:src\fakeServer.ts
FN:14,(anonymous_8)
FN:17,(anonymous_9)
FNF:2
FNH:2
FNDA:36,(anonymous_8)
FNDA:49,(anonymous_9)
DA:1,1
DA:2,1
DA:10,1
DA:12,1
DA:13,36
DA:15,36
DA:18,49
DA:19,49
DA:20,2
DA:23,49
DA:24,49
DA:25,1
DA:27,48
DA:31,48
DA:33,48
DA:34,46
DA:37,48
DA:38,0
DA:41,48
DA:42,7
DA:43,7
DA:44,7
DA:45,7
DA:46,7
DA:47,7
DA:48,7
DA:50,41
LF:27
LH:26
BRDA:19,0,0,2
BRDA:19,0,1,47
BRDA:24,1,0,1
BRDA:24,1,1,48
BRDA:33,2,0,46
BRDA:33,2,1,2
BRDA:37,3,0,0
BRDA:37,3,1,48
BRDA:41,4,0,7
BRDA:41,4,1,41
BRF:10
BRH:9
end_of_record
TN:
SF:src\file.ts
FN:22,(anonymous_8)
FN:38,(anonymous_9)
FN:47,(anonymous_10)
FN:56,(anonymous_11)
FN:65,(anonymous_12)
FN:73,(anonymous_13)
FN:81,(anonymous_14)
FN:90,(anonymous_15)
FN:100,(anonymous_17)
FN:116,(anonymous_19)
FN:131,(anonymous_21)
FN:140,(anonymous_23)
FN:149,(anonymous_24)
FN:158,(anonymous_25)
FN:167,(anonymous_27)
FN:181,(anonymous_29)
FN:195,(anonymous_31)
FN:207,(anonymous_33)
FN:212,(anonymous_35)
FNF:19
FNH:19
FNDA:40,(anonymous_8)
FNDA:12,(anonymous_9)
FNDA:2,(anonymous_10)
FNDA:2,(anonymous_11)
FNDA:2,(anonymous_12)
FNDA:2,(anonymous_13)
FNDA:27,(anonymous_14)
FNDA:13,(anonymous_15)
FNDA:2,(anonymous_17)
FNDA:2,(anonymous_19)
FNDA:2,(anonymous_21)
FNDA:3,(anonymous_23)
FNDA:1,(anonymous_24)
FNDA:8,(anonymous_25)
FNDA:3,(anonymous_27)
FNDA:2,(anonymous_29)
FNDA:4,(anonymous_31)
FNDA:1,(anonymous_33)
FNDA:75,(anonymous_35)
DA:2,1
DA:3,1
DA:11,1
DA:23,40
DA:32,40
DA:39,12
DA:40,11
DA:48,2
DA:49,1
DA:57,2
DA:58,1
DA:66,2
DA:67,1
DA:74,2
DA:75,1
DA:82,27
DA:83,25
DA:91,13
DA:92,13
DA:101,2
DA:102,2
DA:104,2
DA:105,1
DA:107,1
DA:117,2
DA:118,1
DA:119,1
DA:120,1
DA:121,1
DA:122,1
DA:123,1
DA:124,1
DA:132,2
DA:133,2
DA:141,3
DA:142,3
DA:150,1
DA:151,1
DA:159,8
DA:160,8
DA:168,3
DA:169,3
DA:170,3
DA:171,3
DA:172,5
DA:174,3
DA:182,2
DA:183,2
DA:185,2
DA:186,2
DA:187,1
DA:196,4
DA:197,4
DA:208,1
DA:209,1
DA:213,75
DA:214,8
LF:57
LH:57
BRDA:104,0,0,1
BRDA:104,0,1,1
BRDA:186,1,0,1
BRDA:186,1,1,1
BRDA:213,2,0,8
BRDA:213,2,1,67
BRF:6
BRH:6
end_of_record
TN:
SF:src\fileSystemElement.ts
FNF:0
FNH:0
DA:7,1
LF:1
LH:1
BRF:0
BRH:0
end_of_record
TN:
SF:src\folder.ts
FN:18,(anonymous_8)
FN:30,(anonymous_9)
FN:35,(anonymous_10)
FN:40,(anonymous_11)
FN:45,(anonymous_12)
FN:54,(anonymous_13)
FN:63,(anonymous_15)
FN:75,(anonymous_17)
FN:84,(anonymous_19)
FN:95,(anonymous_21)
FN:107,(anonymous_23)
FN:129,(anonymous_25)
FN:141,(anonymous_27)
FN:154,(anonymous_29)
FN:163,(anonymous_30)
FN:173,(anonymous_31)
FN:187,(anonymous_33)
FN:195,(anonymous_35)
FN:209,(anonymous_37)
FN:224,(anonymous_39)
FN:236,(anonymous_41)
FN:241,(anonymous_43)
FNF:22
FNH:22
FNDA:106,(anonymous_8)
FNDA:108,(anonymous_9)
FNDA:3,(anonymous_10)
FNDA:2,(anonymous_11)
FNDA:18,(anonymous_12)
FNDA:1,(anonymous_13)
FNDA:2,(anonymous_15)
FNDA:2,(anonymous_17)
FNDA:1,(anonymous_19)
FNDA:4,(anonymous_21)
FNDA:21,(anonymous_23)
FNDA:23,(anonymous_25)
FNDA:1,(anonymous_27)
FNDA:1,(anonymous_29)
FNDA:1,(anonymous_30)
FNDA:2,(anonymous_31)
FNDA:3,(anonymous_33)
FNDA:2,(anonymous_35)
FNDA:2,(anonymous_37)
FNDA:4,(anonymous_39)
FNDA:2,(anonymous_41)
FNDA:177,(anonymous_43)
DA:2,1
DA:5,1
DA:9,1
DA:20,106
DA:21,106
DA:31,108
DA:32,107
DA:36,3
DA:37,2
DA:41,2
DA:42,1
DA:46,18
DA:47,16
DA:55,1
DA:56,1
DA:64,2
DA:65,2
DA:66,2
DA:67,1
DA:69,1
DA:76,2
DA:77,2
DA:85,1
DA:86,1
DA:96,4
DA:97,4
DA:108,21
DA:110,21
DA:111,21
DA:114,21
DA:115,162
DA:116,1
DA:122,20
DA:130,23
DA:131,23
DA:132,23
DA:142,1
DA:143,1
DA:144,1
DA:145,1
DA:146,1
DA:147,1
DA:155,1
DA:156,1
DA:164,1
DA:165,1
DA:174,2
DA:176,2
DA:177,2
DA:178,1
DA:180,1
DA:188,3
DA:196,2
DA:197,2
DA:198,2
DA:199,2
DA:200,5
DA:202,2
DA:210,2
DA:211,2
DA:212,2
DA:214,2
DA:215,2
DA:216,1
DA:225,4
DA:226,4
DA:237,2
DA:238,2
DA:242,177
DA:243,5
LF:70
LH:70
BRDA:18,0,0,4
BRDA:66,1,0,1
BRDA:66,1,1,1
BRDA:115,2,0,1
BRDA:115,2,1,161
BRDA:177,3,0,1
BRDA:177,3,1,1
BRDA:215,4,0,1
BRDA:215,4,1,1
BRDA:242,5,0,5
BRDA:242,5,1,172
BRF:11
BRH:11
end_of_record
TN:
SF:src\httpClient.ts
FN:39,(anonymous_9)
FN:46,(anonymous_10)
FN:89,(anonymous_12)
FN:89,(anonymous_13)
FN:93,(anonymous_14)
FN:97,(anonymous_15)
FN:97,(anonymous_16)
FN:101,(anonymous_17)
FN:101,(anonymous_18)
FNF:9
FNH:8
FNDA:111,(anonymous_9)
FNDA:448,(anonymous_10)
FNDA:709,(anonymous_12)
FNDA:709,(anonymous_13)
FNDA:0,(anonymous_14)
FNDA:8,(anonymous_15)
FNDA:8,(anonymous_16)
FNDA:2,(anonymous_17)
FNDA:2,(anonymous_18)
DA:1,1
DA:2,1
DA:3,1
DA:4,1
DA:9,1
DA:10,1
DA:11,1
DA:13,1
DA:33,1
DA:40,111
DA:41,111
DA:42,111
DA:43,111
DA:44,111
DA:48,448
DA:49,5
DA:52,448
DA:53,1
DA:56,448
DA:57,1
DA:60,448
DA:61,445
DA:63,448
DA:66,448
DA:67,2
DA:68,2
DA:73,2
DA:74,2
DA:75,2
DA:76,1
DA:80,448
DA:81,448
DA:83,448
DA:85,445
DA:86,443
DA:89,709
DA:90,709
DA:93,443
DA:94,0
DA:97,443
DA:98,8
DA:101,443
DA:102,2
DA:106,443
DA:111,443
DA:116,443
DA:117,443
DA:120,445
DA:122,445
DA:123,71
DA:124,71
DA:125,71
DA:126,71
DA:127,71
DA:128,71
DA:129,71
DA:137,374
LF:57
LH:56
BRDA:43,0,0,111
BRDA:43,0,1,5
BRDA:44,1,0,111
BRDA:44,1,1,1
BRDA:48,2,0,5
BRDA:48,2,1,443
BRDA:52,3,0,1
BRDA:52,3,1,447
BRDA:56,4,0,1
BRDA:56,4,1,447
BRDA:60,5,0,445
BRDA:60,5,1,3
BRDA:66,6,0,2
BRDA:66,6,1,446
BRDA:75,7,0,1
BRDA:75,7,1,1
BRDA:85,8,0,443
BRDA:85,8,1,2
BRDA:114,9,0,443
BRDA:114,9,1,418
BRDA:122,10,0,71
BRDA:122,10,1,374
BRF:22
BRH:22
end_of_record
TN:
SF:src\requestResponseLog.ts
FN:27,(anonymous_8)
FN:13,(anonymous_9)
FN:16,(anonymous_10)
FN:32,(anonymous_11)
FN:57,(anonymous_13)
FN:68,(anonymous_15)
FN:79,(anonymous_17)
FN:83,(anonymous_18)
FN:90,(anonymous_19)
FNF:9
FNH:9
FNDA:9,(anonymous_8)
FNDA:8,(anonymous_9)
FNDA:556,(anonymous_10)
FNDA:453,(anonymous_11)
FNDA:6,(anonymous_13)
FNDA:110,(anonymous_15)
FNDA:669,(anonymous_17)
FNDA:464,(anonymous_18)
FNDA:110,(anonymous_19)
DA:2,1
DA:3,1
DA:4,1
DA:5,1
DA:8,1
DA:10,1
DA:11,1
DA:14,8
DA:17,556
DA:18,9
DA:20,556
DA:22,1
DA:24,9
DA:26,9
DA:28,9
DA:29,9
DA:33,453
DA:34,453
DA:35,1
DA:36,1
DA:38,452
DA:39,221
DA:40,204
DA:42,221
DA:43,12
DA:47,452
DA:48,330
DA:49,260
DA:53,452
DA:54,452
DA:58,6
DA:59,6
DA:60,1
DA:61,1
DA:64,5
DA:65,5
DA:69,110
DA:70,110
DA:72,110
DA:73,110
DA:76,110
DA:80,669
DA:84,464
DA:85,462
DA:87,2
DA:91,110
DA:92,110
DA:93,110
DA:95,110
DA:96,438
DA:97,110
DA:99,328
DA:102,438
DA:103,438
DA:104,18
DA:106,420
LF:56
LH:56
BRDA:17,0,0,9
BRDA:17,0,1,547
BRDA:34,1,0,1
BRDA:34,1,1,452
BRDA:38,2,0,221
BRDA:38,2,1,231
BRDA:38,3,0,452
BRDA:38,3,1,221
BRDA:39,4,0,204
BRDA:39,4,1,17
BRDA:42,5,0,12
BRDA:42,5,1,209
BRDA:47,6,0,330
BRDA:47,6,1,122
BRDA:48,7,0,260
BRDA:48,7,1,70
BRDA:48,8,0,330
BRDA:48,8,1,329
BRDA:59,9,0,1
BRDA:59,9,1,5
BRDA:84,10,0,462
BRDA:84,10,1,2
BRDA:96,11,0,110
BRDA:96,11,1,328
BRF:24
BRH:24
end_of_record
TN:
SF:src\requestResponseLogEntry.ts
FN:8,(anonymous_0)
FN:23,(anonymous_1)
FN:35,(anonymous_2)
FNF:3
FNH:3
FNDA:449,(anonymous_0)
FNDA:449,(anonymous_1)
FNDA:453,(anonymous_2)
DA:2,1
DA:9,449
DA:10,449
DA:11,449
DA:12,449
DA:17,1
DA:24,449
DA:25,449
DA:26,449
DA:27,449
DA:32,1
DA:36,453
DA:37,453
LF:13
LH:13
BRF:0
BRH:0
end_of_record
TN:
SF:src\server.ts
FN:25,(anonymous_1)
FNF:1
FNH:1
FNDA:111,(anonymous_1)
DA:1,1
DA:4,1
DA:19,1
DA:26,111
DA:27,111
DA:28,111
DA:29,111
DA:30,111
DA:31,1
DA:33,110
LF:10
LH:10
BRDA:30,0,0,1
BRDA:30,0,1,110
BRF:2
BRH:2
end_of_record
TN:
SF:src\share.ts
FN:6,(anonymous_7)
FN:15,(anonymous_8)
FN:29,(anonymous_9)
FN:96,(anonymous_10)
FN:35,(anonymous_11)
FN:41,(anonymous_13)
FN:108,(anonymous_14)
FN:112,(anonymous_16)
FN:121,(anonymous_18)
FN:125,(anonymous_20)
FN:130,(anonymous_22)
FN:172,(anonymous_24)
FN:180,(anonymous_25)
FN:188,(anonymous_26)
FN:196,(anonymous_27)
FN:204,(anonymous_28)
FNF:16
FNH:16
FNDA:1,(anonymous_7)
FNDA:1,(anonymous_8)
FNDA:1,(anonymous_9)
FNDA:10,(anonymous_10)
FNDA:10,(anonymous_11)
FNDA:2,(anonymous_13)
FNDA:1,(anonymous_14)
FNDA:1,(anonymous_16)
FNDA:1,(anonymous_18)
FNDA:1,(anonymous_20)
FNDA:10,(anonymous_22)
FNDA:2,(anonymous_24)
FNDA:2,(anonymous_25)
FNDA:1,(anonymous_26)
FNDA:2,(anonymous_27)
FNDA:2,(anonymous_28)
DA:1,1
DA:6,1
DA:7,1
DA:8,1
DA:9,1
DA:10,1
DA:11,1
DA:12,1
DA:15,1
DA:16,1
DA:17,1
DA:18,1
DA:19,1
DA:29,1
DA:30,1
DA:31,1
DA:33,1
DA:36,10
DA:37,10
DA:38,6
DA:42,2
DA:50,2
DA:56,2
DA:57,1
DA:59,1
DA:62,2
DA:63,1
DA:66,2
DA:97,10
DA:98,10
DA:109,1
DA:113,1
DA:114,1
DA:122,1
DA:126,1
DA:127,1
DA:131,10
DA:133,10
DA:134,1
DA:137,9
DA:138,1
DA:140,8
DA:142,8
DA:143,1
DA:145,7
DA:147,7
DA:148,1
DA:151,6
DA:152,5
DA:154,1
DA:156,6
DA:157,2
DA:160,6
DA:161,1
DA:173,2
DA:181,2
DA:189,1
DA:197,2
DA:205,2
LF:59
LH:59
BRDA:6,0,0,1
BRDA:6,0,1,1
BRDA:15,1,0,1
BRDA:15,1,1,1
BRDA:29,2,0,1
BRDA:29,2,1,1
BRDA:56,3,0,1
BRDA:56,3,1,1
BRDA:56,4,0,2
BRDA:56,4,1,1
BRDA:62,5,0,1
BRDA:62,5,1,1
BRDA:133,6,0,1
BRDA:133,6,1,9
BRDA:133,7,0,10
BRDA:133,7,1,9
BRDA:137,8,0,1
BRDA:137,8,1,8
BRDA:142,9,0,1
BRDA:142,9,1,7
BRDA:147,10,0,1
BRDA:147,10,1,6
BRDA:151,11,0,5
BRDA:151,11,1,1
BRDA:156,12,0,2
BRDA:156,12,1,4
BRDA:160,13,0,1
BRDA:160,13,1,5
BRF:28
BRH:28
end_of_record
TN:
SF:src\tag.ts
FN:11,(anonymous_7)
FN:19,(anonymous_8)
FN:22,(anonymous_10)
FNF:3
FNH:3
FNDA:87,(anonymous_7)
FNDA:18,(anonymous_8)
FNDA:1,(anonymous_10)
DA:4,1
DA:12,87
DA:13,87
DA:14,87
DA:15,87
DA:16,87
DA:17,87
DA:20,18
DA:23,1
LF:9
LH:9
BRF:0
BRH:0
end_of_record
