TN:
SF:src\client.ts
FN:208,(anonymous_9)
FN:272,(anonymous_10)
FN:317,(anonymous_12)
FN:358,(anonymous_14)
FN:376,(anonymous_16)
FN:394,(anonymous_18)
FN:413,(anonymous_20)
FN:429,(anonymous_22)
FN:472,(anonymous_24)
FN:512,(anonymous_26)
FN:531,(anonymous_28)
FN:562,(anonymous_30)
FN:642,(anonymous_32)
FN:705,(anonymous_34)
FN:731,(anonymous_36)
FN:746,(anonymous_38)
FN:756,(anonymous_39)
FN:829,(anonymous_41)
FN:862,(anonymous_43)
FN:886,(anonymous_45)
FN:913,(anonymous_47)
FN:941,(anonymous_49)
FN:970,(anonymous_51)
FN:1007,(anonymous_53)
FN:1044,(anonymous_55)
FN:1070,(anonymous_57)
FN:1095,(anonymous_59)
FN:1104,(anonymous_60)
FN:1118,(anonymous_61)
FN:1191,(anonymous_63)
FN:1222,(anonymous_65)
FN:1259,(anonymous_67)
FN:1335,(anonymous_69)
FN:1387,(anonymous_71)
FN:1407,(anonymous_73)
FN:1462,(anonymous_75)
FN:1475,(anonymous_76)
FN:1489,(anonymous_78)
FN:1515,(anonymous_80)
FN:1529,(anonymous_81)
FN:1554,(anonymous_83)
FN:1569,(anonymous_84)
FN:1601,(anonymous_86)
FN:1636,(anonymous_88)
FN:1691,(anonymous_90)
FN:1705,(anonymous_91)
FN:1786,(anonymous_93)
FN:1815,(anonymous_95)
FN:1844,(anonymous_97)
FN:1872,(anonymous_99)
FN:1889,(anonymous_101)
FN:1938,(anonymous_103)
FN:1985,(anonymous_105)
FN:2021,(anonymous_107)
FN:2070,(anonymous_109)
FN:2119,(anonymous_111)
FN:2166,(anonymous_113)
FN:2214,(anonymous_115)
FN:2297,(anonymous_117)
FN:2298,(anonymous_118)
FN:2344,(anonymous_119)
FN:2345,(anonymous_120)
FN:2584,(anonymous_121)
FN:2618,(anonymous_123)
FN:2641,(anonymous_125)
FN:2672,(anonymous_127)
FN:2694,(anonymous_129)
FN:2725,(anonymous_131)
FN:2755,(anonymous_133)
FN:2785,(anonymous_135)
FN:2811,(anonymous_137)
FN:2852,(anonymous_139)
FN:2949,(anonymous_141)
FN:2969,(anonymous_143)
FN:3006,(anonymous_145)
FN:3019,(anonymous_146)
FN:3023,(anonymous_147)
FN:3045,(anonymous_149)
FN:3117,(anonymous_151)
FN:3132,(anonymous_152)
FN:3140,(anonymous_153)
FN:3152,(anonymous_154)
FNF:82
FNH:11
FNDA:8,(anonymous_9)
FNDA:0,(anonymous_10)
FNDA:0,(anonymous_12)
FNDA:0,(anonymous_14)
FNDA:0,(anonymous_16)
FNDA:0,(anonymous_18)
FNDA:0,(anonymous_20)
FNDA:0,(anonymous_22)
FNDA:0,(anonymous_24)
FNDA:0,(anonymous_26)
FNDA:0,(anonymous_28)
FNDA:0,(anonymous_30)
FNDA:45,(anonymous_32)
FNDA:0,(anonymous_34)
FNDA:0,(anonymous_36)
FNDA:0,(anonymous_38)
FNDA:0,(anonymous_39)
FNDA:51,(anonymous_41)
FNDA:0,(anonymous_43)
FNDA:0,(anonymous_45)
FNDA:45,(anonymous_47)
FNDA:44,(anonymous_49)
FNDA:0,(anonymous_51)
FNDA:0,(anonymous_53)
FNDA:0,(anonymous_55)
FNDA:0,(anonymous_57)
FNDA:0,(anonymous_59)
FNDA:0,(anonymous_60)
FNDA:0,(anonymous_61)
FNDA:0,(anonymous_63)
FNDA:0,(anonymous_65)
FNDA:0,(anonymous_67)
FNDA:0,(anonymous_69)
FNDA:0,(anonymous_71)
FNDA:0,(anonymous_73)
FNDA:0,(anonymous_75)
FNDA:0,(anonymous_76)
FNDA:0,(anonymous_78)
FNDA:0,(anonymous_80)
FNDA:0,(anonymous_81)
FNDA:0,(anonymous_83)
FNDA:0,(anonymous_84)
FNDA:0,(anonymous_86)
FNDA:0,(anonymous_88)
FNDA:0,(anonymous_90)
FNDA:0,(anonymous_91)
FNDA:0,(anonymous_93)
FNDA:0,(anonymous_95)
FNDA:0,(anonymous_97)
FNDA:0,(anonymous_99)
FNDA:0,(anonymous_101)
FNDA:0,(anonymous_103)
FNDA:0,(anonymous_105)
FNDA:0,(anonymous_107)
FNDA:0,(anonymous_109)
FNDA:0,(anonymous_111)
FNDA:0,(anonymous_113)
FNDA:0,(anonymous_115)
FNDA:0,(anonymous_117)
FNDA:0,(anonymous_118)
FNDA:0,(anonymous_119)
FNDA:0,(anonymous_120)
FNDA:0,(anonymous_121)
FNDA:0,(anonymous_123)
FNDA:0,(anonymous_125)
FNDA:0,(anonymous_127)
FNDA:0,(anonymous_129)
FNDA:0,(anonymous_131)
FNDA:0,(anonymous_133)
FNDA:0,(anonymous_135)
FNDA:0,(anonymous_137)
FNDA:88,(anonymous_139)
FNDA:146,(anonymous_141)
FNDA:0,(anonymous_143)
FNDA:96,(anonymous_145)
FNDA:0,(anonymous_146)
FNDA:7,(anonymous_147)
FNDA:95,(anonymous_149)
FNDA:0,(anonymous_151)
FNDA:0,(anonymous_152)
FNDA:0,(anonymous_153)
FNDA:44,(anonymous_154)
DA:2,1
DA:3,1
DA:5,1
DA:6,1
DA:7,1
DA:8,1
DA:9,1
DA:10,1
DA:15,1
DA:16,1
DA:17,1
DA:18,1
DA:33,1
DA:34,1
DA:35,1
DA:36,1
DA:37,1
DA:38,1
DA:39,1
DA:40,1
DA:41,1
DA:42,1
DA:43,1
DA:44,1
DA:45,1
DA:48,1
DA:49,1
DA:50,1
DA:51,1
DA:52,1
DA:53,1
DA:54,1
DA:55,1
DA:56,1
DA:57,1
DA:58,1
DA:59,1
DA:60,1
DA:64,1
DA:65,1
DA:66,1
DA:67,1
DA:68,1
DA:69,1
DA:72,1
DA:73,1
DA:74,1
DA:75,1
DA:76,1
DA:77,1
DA:78,1
DA:79,1
DA:80,1
DA:81,1
DA:88,1
DA:90,1
DA:93,1
DA:95,1
DA:98,1
DA:176,1
DA:178,1
DA:186,8
DA:209,8
DA:210,8
DA:211,8
DA:212,8
DA:213,8
DA:214,8
DA:218,8
DA:219,0
DA:220,0
DA:221,0
DA:223,0
DA:224,0
DA:228,8
DA:230,0
DA:232,0
DA:234,0
DA:236,0
DA:239,0
DA:241,0
DA:242,0
DA:243,0
DA:244,0
DA:245,0
DA:246,0
DA:248,0
DA:251,0
DA:253,0
DA:260,0
DA:263,8
DA:264,8
DA:265,8
DA:273,0
DA:274,0
DA:278,0
DA:284,0
DA:286,0
DA:287,0
DA:288,0
DA:289,0
DA:293,0
DA:294,0
DA:299,0
DA:300,0
DA:301,0
DA:303,0
DA:304,0
DA:319,0
DA:322,0
DA:323,0
DA:324,0
DA:328,0
DA:334,0
DA:340,0
DA:341,0
DA:342,0
DA:343,0
DA:347,0
DA:349,0
DA:350,0
DA:360,0
DA:362,0
DA:363,0
DA:364,0
DA:365,0
DA:368,0
DA:378,0
DA:380,0
DA:381,0
DA:382,0
DA:383,0
DA:386,0
DA:396,0
DA:398,0
DA:402,0
DA:415,0
DA:417,0
DA:419,0
DA:421,0
DA:430,0
DA:431,0
DA:445,0
DA:447,0
DA:453,0
DA:454,0
DA:456,0
DA:457,0
DA:465,0
DA:473,0
DA:475,0
DA:489,0
DA:490,0
DA:496,0
DA:497,0
DA:499,0
DA:500,0
DA:503,0
DA:504,0
DA:513,0
DA:515,0
DA:519,0
DA:524,0
DA:532,0
DA:534,0
DA:544,0
DA:550,0
DA:552,0
DA:553,0
DA:554,0
DA:558,0
DA:559,0
DA:563,0
DA:565,0
DA:591,0
DA:592,0
DA:597,0
DA:600,0
DA:601,0
DA:603,0
DA:607,0
DA:608,0
DA:609,0
DA:610,0
DA:612,0
DA:613,0
DA:615,0
DA:616,0
DA:617,0
DA:618,0
DA:619,0
DA:620,0
DA:621,0
DA:622,0
DA:623,0
DA:625,0
DA:627,0
DA:628,0
DA:634,0
DA:643,45
DA:644,45
DA:646,45
DA:647,45
DA:648,208
DA:649,1
DA:655,44
DA:656,44
DA:657,37
DA:658,37
DA:661,7
DA:662,7
DA:663,7
DA:666,0
DA:667,0
DA:668,0
DA:669,0
DA:671,0
DA:673,0
DA:674,0
DA:675,0
DA:677,0
DA:678,0
DA:681,0
DA:682,0
DA:684,0
DA:690,7
DA:691,7
DA:692,7
DA:693,7
DA:695,0
DA:707,0
DA:708,0
DA:710,0
DA:713,0
DA:714,0
DA:722,0
DA:723,0
DA:732,0
DA:733,0
DA:735,0
DA:737,0
DA:738,0
DA:747,0
DA:757,0
DA:758,0
DA:760,0
DA:761,0
DA:763,0
DA:764,0
DA:765,0
DA:775,0
DA:781,0
DA:782,0
DA:790,0
DA:791,0
DA:793,0
DA:795,0
DA:796,0
DA:797,0
DA:799,0
DA:802,0
DA:803,0
DA:804,0
DA:807,0
DA:808,0
DA:809,0
DA:810,0
DA:812,0
DA:813,0
DA:815,0
DA:818,0
DA:821,0
DA:830,51
DA:831,51
DA:834,51
DA:835,0
DA:838,51
DA:839,51
DA:840,44
DA:841,44
DA:842,44
DA:848,0
DA:849,0
DA:852,7
DA:853,7
DA:863,0
DA:864,0
DA:865,0
DA:867,0
DA:869,0
DA:870,0
DA:871,0
DA:878,0
DA:887,0
DA:888,0
DA:889,0
DA:891,0
DA:893,0
DA:894,0
DA:896,0
DA:905,0
DA:915,45
DA:916,0
DA:919,45
DA:920,45
DA:922,45
DA:925,45
DA:926,44
DA:929,44
DA:931,44
DA:932,0
DA:934,44
DA:942,44
DA:944,44
DA:945,44
DA:946,44
DA:947,44
DA:948,44
DA:956,0
DA:957,0
DA:960,0
DA:961,0
DA:972,0
DA:973,0
DA:975,0
DA:977,0
DA:981,0
DA:982,0
DA:990,0
DA:991,0
DA:994,0
DA:995,0
DA:996,0
DA:999,0
DA:1009,0
DA:1010,0
DA:1012,0
DA:1014,0
DA:1018,0
DA:1019,0
DA:1027,0
DA:1028,0
DA:1031,0
DA:1032,0
DA:1033,0
DA:1036,0
DA:1045,0
DA:1046,0
DA:1047,0
DA:1051,0
DA:1052,0
DA:1058,0
DA:1059,0
DA:1062,0
DA:1071,0
DA:1072,0
DA:1073,0
DA:1077,0
DA:1078,0
DA:1084,0
DA:1085,0
DA:1087,0
DA:1096,0
DA:1097,0
DA:1105,0
DA:1106,0
DA:1119,0
DA:1120,0
DA:1122,0
DA:1123,0
DA:1126,0
DA:1134,0
DA:1140,0
DA:1192,0
DA:1194,0
DA:1201,0
DA:1207,0
DA:1223,0
DA:1224,0
DA:1225,0
DA:1228,0
DA:1229,0
DA:1232,0
DA:1241,0
DA:1247,0
DA:1248,0
DA:1249,0
DA:1250,0
DA:1253,0
DA:1260,0
DA:1265,0
DA:1271,0
DA:1273,0
DA:1274,0
DA:1275,0
DA:1276,0
DA:1277,0
DA:1279,0
DA:1280,0
DA:1281,0
DA:1282,0
DA:1284,0
DA:1287,0
DA:1288,0
DA:1290,0
DA:1293,0
DA:1294,0
DA:1296,0
DA:1299,0
DA:1302,0
DA:1303,0
DA:1305,0
DA:1308,0
DA:1309,0
DA:1311,0
DA:1315,0
DA:1318,0
DA:1332,0
DA:1336,0
DA:1341,0
DA:1347,0
DA:1351,0
DA:1357,0
DA:1363,0
DA:1366,0
DA:1388,0
DA:1390,0
DA:1391,0
DA:1392,0
DA:1393,0
DA:1395,0
DA:1408,0
DA:1409,0
DA:1414,0
DA:1415,0
DA:1416,0
DA:1417,0
DA:1419,0
DA:1420,0
DA:1421,0
DA:1423,0
DA:1425,0
DA:1426,0
DA:1427,0
DA:1429,0
DA:1431,0
DA:1432,0
DA:1434,0
DA:1436,0
DA:1441,0
DA:1456,0
DA:1458,0
DA:1461,0
DA:1462,0
DA:1464,0
DA:1467,0
DA:1476,0
DA:1477,0
DA:1478,0
DA:1480,0
DA:1490,0
DA:1491,0
DA:1496,0
DA:1497,0
DA:1499,0
DA:1504,0
DA:1505,0
DA:1507,0
DA:1508,0
DA:1511,0
DA:1514,0
DA:1515,0
DA:1516,0
DA:1520,0
DA:1530,0
DA:1531,0
DA:1536,0
DA:1537,0
DA:1539,0
DA:1544,0
DA:1545,0
DA:1547,0
DA:1548,0
DA:1551,0
DA:1553,0
DA:1554,0
DA:1555,0
DA:1559,0
DA:1570,0
DA:1571,0
DA:1576,0
DA:1577,0
DA:1582,0
DA:1584,0
DA:1585,0
DA:1588,0
DA:1589,0
DA:1591,0
DA:1602,0
DA:1603,0
DA:1607,0
DA:1608,0
DA:1613,0
DA:1615,0
DA:1616,0
DA:1619,0
DA:1620,0
DA:1637,0
DA:1638,0
DA:1643,0
DA:1644,0
DA:1645,0
DA:1646,0
DA:1648,0
DA:1649,0
DA:1650,0
DA:1652,0
DA:1654,0
DA:1655,0
DA:1656,0
DA:1658,0
DA:1660,0
DA:1661,0
DA:1663,0
DA:1665,0
DA:1670,0
DA:1685,0
DA:1687,0
DA:1690,0
DA:1691,0
DA:1692,0
DA:1696,0
DA:1706,0
DA:1707,0
DA:1712,0
DA:1713,0
DA:1715,0
DA:1720,0
DA:1722,0
DA:1723,0
DA:1741,0
DA:1742,0
DA:1763,0
DA:1764,0
DA:1766,0
DA:1767,0
DA:1769,0
DA:1770,0
DA:1771,0
DA:1773,0
DA:1774,0
DA:1777,0
DA:1787,0
DA:1788,0
DA:1793,0
DA:1794,0
DA:1796,0
DA:1801,0
DA:1803,0
DA:1804,0
DA:1806,0
DA:1816,0
DA:1817,0
DA:1822,0
DA:1823,0
DA:1825,0
DA:1830,0
DA:1832,0
DA:1833,0
DA:1835,0
DA:1845,0
DA:1846,0
DA:1851,0
DA:1852,0
DA:1854,0
DA:1859,0
DA:1861,0
DA:1862,0
DA:1864,0
DA:1873,0
DA:1874,0
DA:1875,0
DA:1876,0
DA:1878,0
DA:1890,0
DA:1891,0
DA:1892,0
DA:1893,0
DA:1894,0
DA:1896,0
DA:1899,0
DA:1900,0
DA:1903,0
DA:1908,0
DA:1909,0
DA:1914,0
DA:1916,0
DA:1917,0
DA:1920,0
DA:1921,0
DA:1922,0
DA:1925,0
DA:1939,0
DA:1940,0
DA:1942,0
DA:1947,0
DA:1948,0
DA:1949,0
DA:1954,0
DA:1965,0
DA:1966,0
DA:1969,0
DA:1970,0
DA:1973,0
DA:1974,0
DA:1977,0
DA:1986,0
DA:1988,0
DA:1992,0
DA:1993,0
DA:1994,0
DA:1999,0
DA:2001,0
DA:2002,0
DA:2005,0
DA:2006,0
DA:2008,0
DA:2022,0
DA:2024,0
DA:2025,0
DA:2031,0
DA:2032,0
DA:2034,0
DA:2039,0
DA:2041,0
DA:2042,0
DA:2045,0
DA:2046,0
DA:2049,0
DA:2050,0
DA:2053,0
DA:2054,0
DA:2057,0
DA:2071,0
DA:2073,0
DA:2074,0
DA:2080,0
DA:2081,0
DA:2083,0
DA:2088,0
DA:2090,0
DA:2091,0
DA:2094,0
DA:2095,0
DA:2098,0
DA:2099,0
DA:2102,0
DA:2103,0
DA:2106,0
DA:2120,0
DA:2122,0
DA:2123,0
DA:2129,0
DA:2130,0
DA:2132,0
DA:2137,0
DA:2139,0
DA:2140,0
DA:2143,0
DA:2144,0
DA:2147,0
DA:2148,0
DA:2151,0
DA:2152,0
DA:2155,0
DA:2167,0
DA:2169,0
DA:2170,0
DA:2176,0
DA:2177,0
DA:2179,0
DA:2184,0
DA:2186,0
DA:2187,0
DA:2201,0
DA:2202,0
DA:2205,0
DA:2215,0
DA:2216,0
DA:2217,0
DA:2218,0
DA:2221,0
DA:2222,0
DA:2223,0
DA:2224,0
DA:2226,0
DA:2227,0
DA:2228,0
DA:2231,0
DA:2234,0
DA:2235,0
DA:2236,0
DA:2241,0
DA:2242,0
DA:2243,0
DA:2244,0
DA:2245,0
DA:2247,0
DA:2251,0
DA:2252,0
DA:2253,0
DA:2254,0
DA:2256,0
DA:2264,0
DA:2265,0
DA:2266,0
DA:2267,0
DA:2268,0
DA:2270,0
DA:2274,0
DA:2275,0
DA:2276,0
DA:2277,0
DA:2279,0
DA:2287,0
DA:2288,0
DA:2289,0
DA:2290,0
DA:2291,0
DA:2292,0
DA:2293,0
DA:2297,0
DA:2298,0
DA:2300,0
DA:2301,0
DA:2302,0
DA:2303,0
DA:2304,0
DA:2305,0
DA:2306,0
DA:2308,0
DA:2309,0
DA:2312,0
DA:2313,0
DA:2315,0
DA:2316,0
DA:2320,0
DA:2321,0
DA:2322,0
DA:2324,0
DA:2325,0
DA:2328,0
DA:2329,0
DA:2331,0
DA:2332,0
DA:2341,0
DA:2342,0
DA:2343,0
DA:2344,0
DA:2345,0
DA:2347,0
DA:2348,0
DA:2349,0
DA:2350,0
DA:2351,0
DA:2352,0
DA:2353,0
DA:2355,0
DA:2356,0
DA:2359,0
DA:2360,0
DA:2362,0
DA:2363,0
DA:2367,0
DA:2368,0
DA:2369,0
DA:2371,0
DA:2372,0
DA:2375,0
DA:2376,0
DA:2378,0
DA:2386,0
DA:2387,0
DA:2388,0
DA:2389,0
DA:2390,0
DA:2391,0
DA:2392,0
DA:2393,0
DA:2395,0
DA:2403,0
DA:2404,0
DA:2405,0
DA:2406,0
DA:2407,0
DA:2408,0
DA:2409,0
DA:2410,0
DA:2412,0
DA:2420,0
DA:2421,0
DA:2422,0
DA:2423,0
DA:2424,0
DA:2425,0
DA:2426,0
DA:2427,0
DA:2429,0
DA:2437,0
DA:2438,0
DA:2439,0
DA:2440,0
DA:2441,0
DA:2442,0
DA:2443,0
DA:2444,0
DA:2446,0
DA:2454,0
DA:2455,0
DA:2456,0
DA:2457,0
DA:2458,0
DA:2459,0
DA:2460,0
DA:2461,0
DA:2463,0
DA:2471,0
DA:2472,0
DA:2473,0
DA:2474,0
DA:2475,0
DA:2476,0
DA:2477,0
DA:2478,0
DA:2480,0
DA:2488,0
DA:2489,0
DA:2490,0
DA:2491,0
DA:2492,0
DA:2493,0
DA:2494,0
DA:2496,0
DA:2503,0
DA:2504,0
DA:2505,0
DA:2506,0
DA:2507,0
DA:2508,0
DA:2509,0
DA:2510,0
DA:2512,0
DA:2520,0
DA:2521,0
DA:2522,0
DA:2523,0
DA:2524,0
DA:2525,0
DA:2526,0
DA:2527,0
DA:2529,0
DA:2537,0
DA:2538,0
DA:2539,0
DA:2540,0
DA:2541,0
DA:2542,0
DA:2543,0
DA:2544,0
DA:2546,0
DA:2554,0
DA:2555,0
DA:2556,0
DA:2557,0
DA:2558,0
DA:2559,0
DA:2560,0
DA:2561,0
DA:2563,0
DA:2568,0
DA:2569,0
DA:2571,0
DA:2573,0
DA:2586,0
DA:2587,0
DA:2589,0
DA:2594,0
DA:2597,0
DA:2603,0
DA:2604,0
DA:2605,0
DA:2620,0
DA:2622,0
DA:2627,0
DA:2629,0
DA:2643,0
DA:2647,0
DA:2649,0
DA:2655,0
DA:2656,0
DA:2674,0
DA:2678,0
DA:2680,0
DA:2695,0
DA:2700,0
DA:2707,0
DA:2708,0
DA:2711,0
DA:2713,0
DA:2715,0
DA:2716,0
DA:2718,0
DA:2721,0
DA:2722,0
DA:2729,0
DA:2734,0
DA:2740,0
DA:2742,0
DA:2744,0
DA:2745,0
DA:2747,0
DA:2750,0
DA:2751,0
DA:2756,0
DA:2765,0
DA:2766,0
DA:2768,0
DA:2769,0
DA:2770,0
DA:2775,0
DA:2786,0
DA:2791,0
DA:2797,0
DA:2799,0
DA:2801,0
DA:2802,0
DA:2804,0
DA:2807,0
DA:2809,0
DA:2812,0
DA:2817,0
DA:2823,0
DA:2825,0
DA:2827,0
DA:2828,0
DA:2830,0
DA:2833,0
DA:2835,0
DA:2853,88
DA:2855,88
DA:2856,0
DA:2859,88
DA:2860,0
DA:2863,88
DA:2865,88
DA:2866,0
DA:2868,88
DA:2871,88
DA:2874,88
DA:2875,0
DA:2879,88
DA:2880,88
DA:2887,88
DA:2888,88
DA:2890,88
DA:2891,0
DA:2894,88
DA:2895,0
DA:2897,88
DA:2900,88
DA:2901,44
DA:2904,88
DA:2905,132
DA:2906,0
DA:2908,132
DA:2909,88
DA:2910,0
DA:2912,88
DA:2913,88
DA:2914,88
DA:2919,88
DA:2951,146
DA:2952,51
DA:2956,146
DA:2957,146
DA:2970,0
DA:2971,0
DA:2972,0
DA:2973,0
DA:2975,0
DA:2976,0
DA:2978,0
DA:2980,0
DA:2981,0
DA:2987,0
DA:2988,0
DA:2989,0
DA:2990,0
DA:2993,0
DA:2994,0
DA:2995,0
DA:3000,0
DA:3003,0
DA:3007,96
DA:3008,1
DA:3011,96
DA:3012,96
DA:3013,0
DA:3016,96
DA:3020,0
DA:3025,7
DA:3026,7
DA:3028,7
DA:3031,7
DA:3032,7
DA:3040,0
DA:3041,0
DA:3047,95
DA:3048,95
DA:3050,95
DA:3073,95
DA:3074,95
DA:3082,7
DA:3083,7
DA:3086,88
DA:3087,88
DA:3089,88
DA:3090,88
DA:3098,88
DA:3099,44
DA:3101,44
DA:3104,88
DA:3105,44
DA:3109,88
DA:3110,0
DA:3111,0
DA:3114,88
DA:3119,0
DA:3120,0
DA:3123,0
DA:3124,0
DA:3125,0
DA:3127,0
DA:3129,0
DA:3133,0
DA:3149,0
DA:3154,44
DA:3155,44
DA:3157,44
DA:3162,44
DA:3163,44
DA:3164,44
DA:3166,0
DA:3168,44
DA:3175,44
LF:1055
LH:180
BRDA:218,0,0,0
BRDA:218,0,1,8
BRDA:228,1,0,0
BRDA:228,1,1,8
BRDA:234,2,0,0
BRDA:234,2,1,0
BRDA:245,3,0,0
BRDA:245,3,1,0
BRDA:263,4,0,8
BRDA:263,4,1,0
BRDA:288,5,0,0
BRDA:288,5,1,0
BRDA:293,6,0,0
BRDA:293,6,1,0
BRDA:299,7,0,0
BRDA:299,7,1,0
BRDA:323,8,0,0
BRDA:323,8,1,0
BRDA:342,9,0,0
BRDA:342,9,1,0
BRDA:342,10,0,0
BRDA:342,10,1,0
BRDA:364,11,0,0
BRDA:364,11,1,0
BRDA:382,12,0,0
BRDA:382,12,1,0
BRDA:553,13,0,0
BRDA:553,13,1,0
BRDA:609,14,0,0
BRDA:609,14,1,0
BRDA:612,15,0,0
BRDA:612,15,1,0
BRDA:620,16,0,0
BRDA:620,16,1,0
BRDA:627,17,0,0
BRDA:627,17,1,0
BRDA:648,18,0,1
BRDA:648,18,1,207
BRDA:648,19,0,208
BRDA:648,19,1,207
BRDA:656,20,0,37
BRDA:656,20,1,7
BRDA:677,21,0,0
BRDA:677,21,1,0
BRDA:691,22,0,7
BRDA:691,22,1,0
BRDA:737,23,0,0
BRDA:737,23,1,0
BRDA:812,24,0,0
BRDA:812,24,1,0
BRDA:834,25,0,0
BRDA:834,25,1,51
BRDA:834,26,0,51
BRDA:834,26,1,51
BRDA:841,27,0,44
BRDA:841,27,1,0
BRDA:915,28,0,0
BRDA:915,28,1,45
BRDA:931,29,0,0
BRDA:931,29,1,44
BRDA:947,30,0,44
BRDA:947,30,1,0
BRDA:953,31,0,44
BRDA:953,31,1,0
BRDA:954,32,0,44
BRDA:954,32,1,0
BRDA:995,33,0,0
BRDA:995,33,1,0
BRDA:1032,34,0,0
BRDA:1032,34,1,0
BRDA:1122,35,0,0
BRDA:1122,35,1,0
BRDA:1224,36,0,0
BRDA:1224,36,1,0
BRDA:1228,37,0,0
BRDA:1228,37,1,0
BRDA:1279,38,0,0
BRDA:1279,38,1,0
BRDA:1279,39,0,0
BRDA:1279,39,1,0
BRDA:1279,39,2,0
BRDA:1280,40,0,0
BRDA:1280,40,1,0
BRDA:1281,41,0,0
BRDA:1281,41,1,0
BRDA:1287,42,0,0
BRDA:1287,42,1,0
BRDA:1293,43,0,0
BRDA:1293,43,1,0
BRDA:1302,44,0,0
BRDA:1302,44,1,0
BRDA:1308,45,0,0
BRDA:1308,45,1,0
BRDA:1351,46,0,0
BRDA:1351,46,1,0
BRDA:1351,47,0,0
BRDA:1351,47,1,0
BRDA:1351,47,2,0
BRDA:1351,47,3,0
BRDA:1351,47,4,0
BRDA:1351,47,5,0
BRDA:1416,48,0,0
BRDA:1416,48,1,0
BRDA:1419,49,0,0
BRDA:1419,49,1,0
BRDA:1420,50,0,0
BRDA:1420,50,1,0
BRDA:1425,51,0,0
BRDA:1425,51,1,0
BRDA:1426,52,0,0
BRDA:1426,52,1,0
BRDA:1431,53,0,0
BRDA:1431,53,1,0
BRDA:1458,54,0,0
BRDA:1458,54,1,0
BRDA:1458,55,0,0
BRDA:1458,55,1,0
BRDA:1458,55,2,0
BRDA:1477,56,0,0
BRDA:1477,56,1,0
BRDA:1507,57,0,0
BRDA:1507,57,1,0
BRDA:1511,58,0,0
BRDA:1511,58,1,0
BRDA:1511,59,0,0
BRDA:1511,59,1,0
BRDA:1511,59,2,0
BRDA:1547,60,0,0
BRDA:1547,60,1,0
BRDA:1551,61,0,0
BRDA:1551,61,1,0
BRDA:1551,62,0,0
BRDA:1551,62,1,0
BRDA:1584,63,0,0
BRDA:1584,63,1,0
BRDA:1588,64,0,0
BRDA:1588,64,1,0
BRDA:1615,65,0,0
BRDA:1615,65,1,0
BRDA:1619,66,0,0
BRDA:1619,66,1,0
BRDA:1645,67,0,0
BRDA:1645,67,1,0
BRDA:1648,68,0,0
BRDA:1648,68,1,0
BRDA:1649,69,0,0
BRDA:1649,69,1,0
BRDA:1654,70,0,0
BRDA:1654,70,1,0
BRDA:1655,71,0,0
BRDA:1655,71,1,0
BRDA:1660,72,0,0
BRDA:1660,72,1,0
BRDA:1687,73,0,0
BRDA:1687,73,1,0
BRDA:1687,74,0,0
BRDA:1687,74,1,0
BRDA:1687,74,2,0
BRDA:1722,75,0,0
BRDA:1722,75,1,0
BRDA:1744,76,0,0
BRDA:1744,76,1,0
BRDA:1763,77,0,0
BRDA:1763,77,1,0
BRDA:1766,78,0,0
BRDA:1766,78,1,0
BRDA:1770,79,0,0
BRDA:1770,79,1,0
BRDA:1773,80,0,0
BRDA:1773,80,1,0
BRDA:1803,81,0,0
BRDA:1803,81,1,0
BRDA:1832,82,0,0
BRDA:1832,82,1,0
BRDA:1861,83,0,0
BRDA:1861,83,1,0
BRDA:1875,84,0,0
BRDA:1875,84,1,0
BRDA:1892,85,0,0
BRDA:1892,85,1,0
BRDA:1893,86,0,0
BRDA:1893,86,1,0
BRDA:1899,87,0,0
BRDA:1899,87,1,0
BRDA:1916,88,0,0
BRDA:1916,88,1,0
BRDA:1921,89,0,0
BRDA:1921,89,1,0
BRDA:1965,90,0,0
BRDA:1965,90,1,0
BRDA:1969,91,0,0
BRDA:1969,91,1,0
BRDA:1973,92,0,0
BRDA:1973,92,1,0
BRDA:2001,93,0,0
BRDA:2001,93,1,0
BRDA:2005,94,0,0
BRDA:2005,94,1,0
BRDA:2041,95,0,0
BRDA:2041,95,1,0
BRDA:2045,96,0,0
BRDA:2045,96,1,0
BRDA:2049,97,0,0
BRDA:2049,97,1,0
BRDA:2053,98,0,0
BRDA:2053,98,1,0
BRDA:2090,99,0,0
BRDA:2090,99,1,0
BRDA:2094,100,0,0
BRDA:2094,100,1,0
BRDA:2098,101,0,0
BRDA:2098,101,1,0
BRDA:2102,102,0,0
BRDA:2102,102,1,0
BRDA:2139,103,0,0
BRDA:2139,103,1,0
BRDA:2143,104,0,0
BRDA:2143,104,1,0
BRDA:2147,105,0,0
BRDA:2147,105,1,0
BRDA:2151,106,0,0
BRDA:2151,106,1,0
BRDA:2186,107,0,0
BRDA:2186,107,1,0
BRDA:2201,108,0,0
BRDA:2201,108,1,0
BRDA:2221,109,0,0
BRDA:2221,109,1,0
BRDA:2241,110,0,0
BRDA:2241,110,1,0
BRDA:2242,111,0,0
BRDA:2242,111,1,0
BRDA:2242,112,0,0
BRDA:2242,112,1,0
BRDA:2251,113,0,0
BRDA:2251,113,1,0
BRDA:2251,114,0,0
BRDA:2251,114,1,0
BRDA:2264,115,0,0
BRDA:2264,115,1,0
BRDA:2265,116,0,0
BRDA:2265,116,1,0
BRDA:2265,117,0,0
BRDA:2265,117,1,0
BRDA:2274,118,0,0
BRDA:2274,118,1,0
BRDA:2274,119,0,0
BRDA:2274,119,1,0
BRDA:2287,120,0,0
BRDA:2287,120,1,0
BRDA:2290,121,0,0
BRDA:2290,121,1,0
BRDA:2291,122,0,0
BRDA:2291,122,1,0
BRDA:2292,123,0,0
BRDA:2292,123,1,0
BRDA:2304,124,0,0
BRDA:2304,124,1,0
BRDA:2328,125,0,0
BRDA:2328,125,1,0
BRDA:2331,126,0,0
BRDA:2331,126,1,0
BRDA:2331,127,0,0
BRDA:2331,127,1,0
BRDA:2341,128,0,0
BRDA:2341,128,1,0
BRDA:2351,129,0,0
BRDA:2351,129,1,0
BRDA:2375,130,0,0
BRDA:2375,130,1,0
BRDA:2386,131,0,0
BRDA:2386,131,1,0
BRDA:2390,132,0,0
BRDA:2390,132,1,0
BRDA:2403,133,0,0
BRDA:2403,133,1,0
BRDA:2407,134,0,0
BRDA:2407,134,1,0
BRDA:2420,135,0,0
BRDA:2420,135,1,0
BRDA:2424,136,0,0
BRDA:2424,136,1,0
BRDA:2437,137,0,0
BRDA:2437,137,1,0
BRDA:2441,138,0,0
BRDA:2441,138,1,0
BRDA:2454,139,0,0
BRDA:2454,139,1,0
BRDA:2458,140,0,0
BRDA:2458,140,1,0
BRDA:2471,141,0,0
BRDA:2471,141,1,0
BRDA:2475,142,0,0
BRDA:2475,142,1,0
BRDA:2488,143,0,0
BRDA:2488,143,1,0
BRDA:2503,144,0,0
BRDA:2503,144,1,0
BRDA:2507,145,0,0
BRDA:2507,145,1,0
BRDA:2520,146,0,0
BRDA:2520,146,1,0
BRDA:2524,147,0,0
BRDA:2524,147,1,0
BRDA:2537,148,0,0
BRDA:2537,148,1,0
BRDA:2541,149,0,0
BRDA:2541,149,1,0
BRDA:2554,150,0,0
BRDA:2554,150,1,0
BRDA:2558,151,0,0
BRDA:2558,151,1,0
BRDA:2568,152,0,0
BRDA:2568,152,1,0
BRDA:2707,153,0,0
BRDA:2707,153,1,0
BRDA:2715,154,0,0
BRDA:2715,154,1,0
BRDA:2715,155,0,0
BRDA:2715,155,1,0
BRDA:2715,155,2,0
BRDA:2744,156,0,0
BRDA:2744,156,1,0
BRDA:2744,157,0,0
BRDA:2744,157,1,0
BRDA:2744,157,2,0
BRDA:2765,158,0,0
BRDA:2765,158,1,0
BRDA:2801,159,0,0
BRDA:2801,159,1,0
BRDA:2801,160,0,0
BRDA:2801,160,1,0
BRDA:2801,160,2,0
BRDA:2827,161,0,0
BRDA:2827,161,1,0
BRDA:2827,162,0,0
BRDA:2827,162,1,0
BRDA:2827,162,2,0
BRDA:2855,163,0,0
BRDA:2855,163,1,88
BRDA:2859,164,0,0
BRDA:2859,164,1,88
BRDA:2865,165,0,0
BRDA:2865,165,1,88
BRDA:2874,166,0,0
BRDA:2874,166,1,88
BRDA:2874,167,0,88
BRDA:2874,167,1,88
BRDA:2879,168,0,88
BRDA:2879,168,1,0
BRDA:2879,169,0,88
BRDA:2879,169,1,0
BRDA:2890,170,0,0
BRDA:2890,170,1,88
BRDA:2894,171,0,0
BRDA:2894,171,1,88
BRDA:2900,172,0,44
BRDA:2900,172,1,44
BRDA:2900,173,0,88
BRDA:2900,173,1,44
BRDA:2905,174,0,0
BRDA:2905,174,1,132
BRDA:2908,175,0,88
BRDA:2908,175,1,44
BRDA:2909,176,0,0
BRDA:2909,176,1,88
BRDA:2951,177,0,51
BRDA:2951,177,1,95
BRDA:2956,178,0,146
BRDA:2975,179,0,0
BRDA:2975,179,1,0
BRDA:2988,180,0,0
BRDA:2988,180,1,0
BRDA:2989,181,0,0
BRDA:2989,181,1,0
BRDA:2993,182,0,0
BRDA:2993,182,1,0
BRDA:3007,183,0,1
BRDA:3007,183,1,95
BRDA:3012,184,0,0
BRDA:3012,184,1,96
BRDA:3098,185,0,44
BRDA:3098,185,1,44
BRDA:3104,186,0,44
BRDA:3104,186,1,44
BRDA:3109,187,0,0
BRDA:3109,187,1,88
BRDA:3120,188,0,0
BRDA:3120,188,1,0
BRDA:3120,189,0,0
BRDA:3120,189,1,0
BRDA:3120,189,2,0
BRDA:3124,190,0,0
BRDA:3124,190,1,0
BRDA:3163,191,0,44
BRDA:3163,191,1,0
BRF:396
BRH:49
end_of_record
TN:
SF:src\command.ts
FN:3,(anonymous_0)
FN:29,(anonymous_1)
FN:47,(anonymous_2)
FN:58,(anonymous_3)
FN:66,(anonymous_4)
FN:74,(anonymous_5)
FNF:6
FNH:6
FNDA:1,(anonymous_0)
FNDA:11,(anonymous_1)
FNDA:39,(anonymous_2)
FNDA:5,(anonymous_3)
FNDA:5,(anonymous_4)
FNDA:25,(anonymous_5)
DA:3,1
DA:4,1
DA:5,1
DA:6,1
DA:7,1
DA:23,1
DA:30,11
DA:31,11
DA:32,11
DA:33,11
DA:48,39
DA:49,11
DA:51,28
DA:59,5
DA:67,5
DA:75,25
LF:16
LH:16
BRDA:3,0,0,1
BRDA:3,0,1,1
BRDA:48,1,0,11
BRDA:48,1,1,28
BRDA:48,2,0,39
BRDA:48,2,1,36
BRF:6
BRH:6
end_of_record
TN:
SF:src\environment.ts
FN:13,(anonymous_1)
FN:32,(anonymous_2)
FNF:2
FNH:0
FNDA:0,(anonymous_1)
FNDA:0,(anonymous_2)
DA:1,1
DA:2,1
DA:3,1
DA:5,1
DA:7,1
DA:14,0
DA:15,0
DA:16,0
DA:17,0
DA:20,0
DA:22,0
DA:34,0
DA:35,0
DA:39,0
DA:40,0
DA:44,0
DA:45,0
DA:49,0
LF:18
LH:5
BRDA:17,0,0,0
BRDA:17,0,1,0
BRDA:17,1,0,0
BRDA:17,1,1,0
BRDA:17,1,2,0
BRDA:17,1,3,0
BRDA:17,1,4,0
BRDA:34,2,0,0
BRDA:34,2,1,0
BRDA:39,3,0,0
BRDA:39,3,1,0
BRDA:44,4,0,0
BRDA:44,4,1,0
BRF:13
BRH:0
end_of_record
TN:
SF:src\environmentVcapServices.ts
FN:21,(anonymous_1)
FN:64,(anonymous_2)
FNF:2
FNH:0
FNDA:0,(anonymous_1)
FNDA:0,(anonymous_2)
DA:2,1
DA:4,1
DA:5,1
DA:6,1
DA:7,1
DA:9,1
DA:16,1
DA:23,0
DA:24,0
DA:27,0
DA:28,0
DA:30,0
DA:31,0
DA:32,0
DA:35,0
DA:36,0
DA:41,0
DA:42,0
DA:47,0
DA:48,0
DA:53,0
DA:54,0
DA:55,0
DA:65,0
LF:24
LH:7
BRDA:23,0,0,0
BRDA:23,0,1,0
BRDA:30,1,0,0
BRDA:30,1,1,0
BRDA:30,2,0,0
BRDA:30,2,1,0
BRDA:30,2,2,0
BRDA:30,2,3,0
BRDA:30,2,4,0
BRDA:35,3,0,0
BRDA:35,3,1,0
BRDA:41,4,0,0
BRDA:41,4,1,0
BRDA:47,5,0,0
BRDA:47,5,1,0
BRF:15
BRH:0
end_of_record
TN:
SF:src\error.ts
FN:9,(anonymous_0)
FN:20,(anonymous_1)
FNF:2
FNH:1
FNDA:1,(anonymous_0)
FNDA:0,(anonymous_1)
DA:3,1
DA:5,1
DA:10,1
DA:11,1
DA:12,1
DA:17,1
DA:21,0
DA:22,0
DA:30,1
DA:35,1
DA:40,1
DA:45,1
DA:50,1
DA:55,1
DA:60,1
DA:65,1
DA:70,1
DA:75,1
DA:80,1
DA:85,1
DA:90,1
LF:21
LH:19
BRF:0
BRH:0
end_of_record
TN:
SF:src\fakeServer.ts
FN:14,(anonymous_8)
FN:17,(anonymous_9)
FNF:2
FNH:2
FNDA:8,(anonymous_8)
FNDA:146,(anonymous_9)
DA:1,1
DA:2,1
DA:10,1
DA:12,1
DA:13,8
DA:15,8
DA:18,146
DA:19,146
DA:20,0
DA:23,146
DA:24,146
DA:25,0
DA:27,146
DA:31,146
DA:33,146
DA:34,146
DA:37,146
DA:38,0
DA:41,146
DA:42,7
DA:43,7
DA:44,7
DA:45,7
DA:46,7
DA:47,7
DA:48,7
DA:50,139
LF:27
LH:24
BRDA:19,0,0,0
BRDA:19,0,1,146
BRDA:24,1,0,0
BRDA:24,1,1,146
BRDA:33,2,0,146
BRDA:33,2,1,0
BRDA:37,3,0,0
BRDA:37,3,1,146
BRDA:41,4,0,7
BRDA:41,4,1,139
BRF:10
BRH:6
end_of_record
TN:
SF:src\file.ts
FN:22,(anonymous_8)
FN:38,(anonymous_9)
FN:47,(anonymous_10)
FN:56,(anonymous_11)
FN:65,(anonymous_12)
FN:73,(anonymous_13)
FN:81,(anonymous_14)
FN:90,(anonymous_15)
FN:100,(anonymous_17)
FN:116,(anonymous_19)
FN:131,(anonymous_21)
FN:140,(anonymous_23)
FN:149,(anonymous_24)
FN:158,(anonymous_25)
FN:167,(anonymous_27)
FN:181,(anonymous_29)
FN:195,(anonymous_31)
FN:207,(anonymous_33)
FN:212,(anonymous_35)
FNF:19
FNH:3
FNDA:44,(anonymous_8)
FNDA:0,(anonymous_9)
FNDA:1,(anonymous_10)
FNDA:0,(anonymous_11)
FNDA:0,(anonymous_12)
FNDA:0,(anonymous_13)
FNDA:0,(anonymous_14)
FNDA:0,(anonymous_15)
FNDA:0,(anonymous_17)
FNDA:0,(anonymous_19)
FNDA:0,(anonymous_21)
FNDA:0,(anonymous_23)
FNDA:0,(anonymous_24)
FNDA:0,(anonymous_25)
FNDA:0,(anonymous_27)
FNDA:0,(anonymous_29)
FNDA:0,(anonymous_31)
FNDA:0,(anonymous_33)
FNDA:1,(anonymous_35)
DA:2,1
DA:3,1
DA:11,1
DA:23,44
DA:32,44
DA:39,0
DA:40,0
DA:48,1
DA:49,1
DA:57,0
DA:58,0
DA:66,0
DA:67,0
DA:74,0
DA:75,0
DA:82,0
DA:83,0
DA:91,0
DA:92,0
DA:101,0
DA:102,0
DA:104,0
DA:105,0
DA:107,0
DA:117,0
DA:118,0
DA:119,0
DA:120,0
DA:121,0
DA:122,0
DA:123,0
DA:124,0
DA:132,0
DA:133,0
DA:141,0
DA:142,0
DA:150,0
DA:151,0
DA:159,0
DA:160,0
DA:168,0
DA:169,0
DA:170,0
DA:171,0
DA:172,0
DA:174,0
DA:182,0
DA:183,0
DA:185,0
DA:186,0
DA:187,0
DA:196,0
DA:197,0
DA:208,0
DA:209,0
DA:213,1
DA:214,0
LF:57
LH:8
BRDA:104,0,0,0
BRDA:104,0,1,0
BRDA:186,1,0,0
BRDA:186,1,1,0
BRDA:213,2,0,0
BRDA:213,2,1,1
BRF:6
BRH:1
end_of_record
TN:
SF:src\fileSizeFormatter.ts
FN:8,(anonymous_0)
FN:11,(anonymous_1)
FNF:2
FNH:0
FNDA:0,(anonymous_0)
FNDA:0,(anonymous_1)
DA:2,1
DA:4,0
DA:5,0
DA:6,0
DA:9,0
DA:13,0
DA:14,0
DA:15,0
DA:16,0
DA:18,0
DA:19,0
DA:20,0
DA:22,0
DA:23,0
DA:24,0
DA:27,0
DA:29,0
DA:30,0
LF:18
LH:1
BRDA:14,0,0,0
BRDA:14,0,1,0
BRDA:18,1,0,0
BRDA:18,1,1,0
BRDA:22,2,0,0
BRDA:22,2,1,0
BRF:6
BRH:0
end_of_record
TN:
SF:src\fileSystemElement.ts
FNF:0
FNH:0
DA:7,1
LF:1
LH:1
BRF:0
BRH:0
end_of_record
TN:
SF:src\fileSystemFolder.ts
FN:18,(anonymous_8)
FN:22,(anonymous_9)
FN:26,(anonymous_10)
FN:35,(anonymous_12)
FN:38,(anonymous_14)
FN:38,(anonymous_15)
FN:42,(anonymous_16)
FNF:7
FNH:7
FNDA:7,(anonymous_8)
FNDA:98,(anonymous_9)
FNDA:7,(anonymous_10)
FNDA:56,(anonymous_12)
FNDA:147,(anonymous_14)
FNDA:147,(anonymous_15)
FNDA:147,(anonymous_16)
DA:2,1
DA:4,1
DA:5,1
DA:6,1
DA:8,1
DA:9,1
DA:16,1
DA:19,7
DA:23,98
DA:27,7
DA:29,7
DA:30,98
DA:32,7
DA:37,56
DA:38,147
DA:39,147
DA:40,147
DA:42,147
LF:18
LH:18
BRDA:40,0,0,49
BRDA:40,0,1,98
BRF:2
BRH:2
end_of_record
TN:
SF:src\folder.ts
FN:18,(anonymous_8)
FN:30,(anonymous_9)
FN:35,(anonymous_10)
FN:40,(anonymous_11)
FN:45,(anonymous_12)
FN:54,(anonymous_13)
FN:63,(anonymous_15)
FN:75,(anonymous_17)
FN:84,(anonymous_19)
FN:95,(anonymous_21)
FN:107,(anonymous_23)
FN:129,(anonymous_25)
FN:141,(anonymous_27)
FN:154,(anonymous_29)
FN:163,(anonymous_30)
FN:173,(anonymous_31)
FN:187,(anonymous_33)
FN:195,(anonymous_35)
FN:209,(anonymous_37)
FN:224,(anonymous_39)
FN:236,(anonymous_41)
FN:241,(anonymous_43)
FNF:22
FNH:3
FNDA:44,(anonymous_8)
FNDA:44,(anonymous_9)
FNDA:0,(anonymous_10)
FNDA:0,(anonymous_11)
FNDA:0,(anonymous_12)
FNDA:0,(anonymous_13)
FNDA:0,(anonymous_15)
FNDA:0,(anonymous_17)
FNDA:0,(anonymous_19)
FNDA:0,(anonymous_21)
FNDA:0,(anonymous_23)
FNDA:0,(anonymous_25)
FNDA:0,(anonymous_27)
FNDA:0,(anonymous_29)
FNDA:0,(anonymous_30)
FNDA:0,(anonymous_31)
FNDA:0,(anonymous_33)
FNDA:0,(anonymous_35)
FNDA:0,(anonymous_37)
FNDA:0,(anonymous_39)
FNDA:0,(anonymous_41)
FNDA:44,(anonymous_43)
DA:2,1
DA:5,1
DA:9,1
DA:20,44
DA:21,44
DA:31,44
DA:32,44
DA:36,0
DA:37,0
DA:41,0
DA:42,0
DA:46,0
DA:47,0
DA:55,0
DA:56,0
DA:64,0
DA:65,0
DA:66,0
DA:67,0
DA:69,0
DA:76,0
DA:77,0
DA:85,0
DA:86,0
DA:96,0
DA:97,0
DA:108,0
DA:110,0
DA:111,0
DA:114,0
DA:115,0
DA:116,0
DA:122,0
DA:130,0
DA:131,0
DA:132,0
DA:142,0
DA:143,0
DA:144,0
DA:145,0
DA:146,0
DA:147,0
DA:155,0
DA:156,0
DA:164,0
DA:165,0
DA:174,0
DA:176,0
DA:177,0
DA:178,0
DA:180,0
DA:188,0
DA:196,0
DA:197,0
DA:198,0
DA:199,0
DA:200,0
DA:202,0
DA:210,0
DA:211,0
DA:212,0
DA:214,0
DA:215,0
DA:216,0
DA:225,0
DA:226,0
DA:237,0
DA:238,0
DA:242,44
DA:243,0
LF:70
LH:8
BRDA:18,0,0,0
BRDA:66,1,0,0
BRDA:66,1,1,0
BRDA:115,2,0,0
BRDA:115,2,1,0
BRDA:177,3,0,0
BRDA:177,3,1,0
BRDA:215,4,0,0
BRDA:215,4,1,0
BRDA:242,5,0,0
BRDA:242,5,1,44
BRF:11
BRH:1
end_of_record
TN:
SF:src\httpClient.ts
FN:42,(anonymous_9)
FN:49,(anonymous_10)
FN:93,(anonymous_12)
FN:93,(anonymous_13)
FN:97,(anonymous_14)
FN:101,(anonymous_15)
FN:101,(anonymous_16)
FN:105,(anonymous_17)
FN:105,(anonymous_18)
FNF:9
FNH:0
FNDA:0,(anonymous_9)
FNDA:0,(anonymous_10)
FNDA:0,(anonymous_12)
FNDA:0,(anonymous_13)
FNDA:0,(anonymous_14)
FNDA:0,(anonymous_15)
FNDA:0,(anonymous_16)
FNDA:0,(anonymous_17)
FNDA:0,(anonymous_18)
DA:2,1
DA:4,1
DA:6,1
DA:7,1
DA:12,1
DA:13,1
DA:14,1
DA:16,1
DA:36,1
DA:43,0
DA:44,0
DA:45,0
DA:46,0
DA:47,0
DA:51,0
DA:52,0
DA:55,0
DA:56,0
DA:59,0
DA:60,0
DA:63,0
DA:64,0
DA:66,0
DA:69,0
DA:70,0
DA:71,0
DA:77,0
DA:79,0
DA:80,0
DA:84,0
DA:85,0
DA:87,0
DA:89,0
DA:90,0
DA:93,0
DA:94,0
DA:97,0
DA:98,0
DA:101,0
DA:102,0
DA:105,0
DA:106,0
DA:109,0
DA:110,0
DA:111,0
DA:114,0
DA:115,0
DA:119,0
DA:124,0
DA:129,0
DA:130,0
DA:133,0
DA:135,0
DA:136,0
DA:137,0
DA:138,0
DA:139,0
DA:140,0
DA:141,0
DA:142,0
DA:150,0
LF:61
LH:9
BRDA:46,0,0,0
BRDA:46,0,1,0
BRDA:47,1,0,0
BRDA:47,1,1,0
BRDA:51,2,0,0
BRDA:51,2,1,0
BRDA:55,3,0,0
BRDA:55,3,1,0
BRDA:59,4,0,0
BRDA:59,4,1,0
BRDA:63,5,0,0
BRDA:63,5,1,0
BRDA:69,6,0,0
BRDA:69,6,1,0
BRDA:79,7,0,0
BRDA:79,7,1,0
BRDA:89,8,0,0
BRDA:89,8,1,0
BRDA:110,9,0,0
BRDA:110,9,1,0
BRDA:110,10,0,0
BRDA:110,10,1,0
BRDA:114,11,0,0
BRDA:114,11,1,0
BRDA:127,12,0,0
BRDA:127,12,1,0
BRDA:135,13,0,0
BRDA:135,13,1,0
BRF:28
BRH:0
end_of_record
TN:
SF:src\requestResponseLog.ts
FN:27,(anonymous_8)
FN:13,(anonymous_9)
FN:16,(anonymous_10)
FN:32,(anonymous_11)
FN:58,(anonymous_13)
FN:69,(anonymous_15)
FN:80,(anonymous_17)
FN:84,(anonymous_18)
FN:91,(anonymous_19)
FNF:9
FNH:6
FNDA:1,(anonymous_8)
FNDA:0,(anonymous_9)
FNDA:8,(anonymous_10)
FNDA:0,(anonymous_11)
FNDA:8,(anonymous_13)
FNDA:8,(anonymous_15)
FNDA:16,(anonymous_17)
FNDA:0,(anonymous_18)
FNDA:8,(anonymous_19)
DA:2,1
DA:3,1
DA:4,1
DA:5,1
DA:8,1
DA:10,1
DA:11,1
DA:14,0
DA:17,8
DA:18,1
DA:20,8
DA:22,1
DA:24,1
DA:26,1
DA:28,1
DA:29,1
DA:33,0
DA:34,0
DA:35,0
DA:36,0
DA:39,0
DA:40,0
DA:41,0
DA:43,0
DA:44,0
DA:48,0
DA:49,0
DA:50,0
DA:54,0
DA:55,0
DA:59,8
DA:60,8
DA:61,0
DA:62,0
DA:65,8
DA:66,5
DA:70,8
DA:71,8
DA:73,8
DA:74,8
DA:77,8
DA:81,16
DA:85,0
DA:86,0
DA:88,0
DA:92,8
DA:93,8
DA:94,8
DA:96,8
DA:97,32
DA:98,8
DA:100,24
DA:103,32
DA:104,32
DA:105,0
DA:107,32
LF:56
LH:35
BRDA:17,0,0,1
BRDA:17,0,1,7
BRDA:34,1,0,0
BRDA:34,1,1,0
BRDA:39,2,0,0
BRDA:39,2,1,0
BRDA:39,3,0,0
BRDA:39,3,1,0
BRDA:40,4,0,0
BRDA:40,4,1,0
BRDA:43,5,0,0
BRDA:43,5,1,0
BRDA:48,6,0,0
BRDA:48,6,1,0
BRDA:49,7,0,0
BRDA:49,7,1,0
BRDA:49,8,0,0
BRDA:49,8,1,0
BRDA:60,9,0,0
BRDA:60,9,1,8
BRDA:85,10,0,0
BRDA:85,10,1,0
BRDA:97,11,0,8
BRDA:97,11,1,24
BRF:24
BRH:5
end_of_record
TN:
SF:src\requestResponseLogEntry.ts
FN:8,(anonymous_0)
FN:23,(anonymous_1)
FN:35,(anonymous_2)
FNF:3
FNH:0
FNDA:0,(anonymous_0)
FNDA:0,(anonymous_1)
FNDA:0,(anonymous_2)
DA:2,1
DA:9,0
DA:10,0
DA:11,0
DA:12,0
DA:17,1
DA:24,0
DA:25,0
DA:26,0
DA:27,0
DA:32,1
DA:36,0
DA:37,0
LF:13
LH:3
BRF:0
BRH:0
end_of_record
TN:
SF:src\server.ts
FN:25,(anonymous_1)
FNF:1
FNH:0
FNDA:0,(anonymous_1)
DA:1,1
DA:4,1
DA:19,1
DA:26,0
DA:27,0
DA:28,0
DA:29,0
DA:30,0
DA:31,0
DA:33,0
LF:10
LH:3
BRDA:30,0,0,0
BRDA:30,0,1,0
BRF:2
BRH:0
end_of_record
TN:
SF:src\share.ts
FN:6,(anonymous_7)
FN:15,(anonymous_8)
FN:29,(anonymous_9)
FN:96,(anonymous_10)
FN:35,(anonymous_11)
FN:41,(anonymous_13)
FN:108,(anonymous_14)
FN:112,(anonymous_16)
FN:121,(anonymous_18)
FN:125,(anonymous_20)
FN:130,(anonymous_22)
FN:172,(anonymous_24)
FN:180,(anonymous_25)
FN:188,(anonymous_26)
FN:196,(anonymous_27)
FN:204,(anonymous_28)
FNF:16
FNH:3
FNDA:1,(anonymous_7)
FNDA:1,(anonymous_8)
FNDA:1,(anonymous_9)
FNDA:0,(anonymous_10)
FNDA:0,(anonymous_11)
FNDA:0,(anonymous_13)
FNDA:0,(anonymous_14)
FNDA:0,(anonymous_16)
FNDA:0,(anonymous_18)
FNDA:0,(anonymous_20)
FNDA:0,(anonymous_22)
FNDA:0,(anonymous_24)
FNDA:0,(anonymous_25)
FNDA:0,(anonymous_26)
FNDA:0,(anonymous_27)
FNDA:0,(anonymous_28)
DA:1,1
DA:6,1
DA:7,1
DA:8,1
DA:9,1
DA:10,1
DA:11,1
DA:12,1
DA:15,1
DA:16,1
DA:17,1
DA:18,1
DA:19,1
DA:29,1
DA:30,1
DA:31,1
DA:33,1
DA:36,0
DA:37,0
DA:38,0
DA:42,0
DA:50,0
DA:56,0
DA:57,0
DA:59,0
DA:62,0
DA:63,0
DA:66,0
DA:97,0
DA:98,0
DA:109,0
DA:113,0
DA:114,0
DA:122,0
DA:126,0
DA:127,0
DA:131,0
DA:133,0
DA:134,0
DA:137,0
DA:138,0
DA:140,0
DA:142,0
DA:143,0
DA:145,0
DA:147,0
DA:148,0
DA:151,0
DA:152,0
DA:154,0
DA:156,0
DA:157,0
DA:160,0
DA:161,0
DA:173,0
DA:181,0
DA:189,0
DA:197,0
DA:205,0
LF:59
LH:17
BRDA:6,0,0,1
BRDA:6,0,1,1
BRDA:15,1,0,1
BRDA:15,1,1,1
BRDA:29,2,0,1
BRDA:29,2,1,1
BRDA:56,3,0,0
BRDA:56,3,1,0
BRDA:56,4,0,0
BRDA:56,4,1,0
BRDA:62,5,0,0
BRDA:62,5,1,0
BRDA:133,6,0,0
BRDA:133,6,1,0
BRDA:133,7,0,0
BRDA:133,7,1,0
BRDA:137,8,0,0
BRDA:137,8,1,0
BRDA:142,9,0,0
BRDA:142,9,1,0
BRDA:147,10,0,0
BRDA:147,10,1,0
BRDA:151,11,0,0
BRDA:151,11,1,0
BRDA:156,12,0,0
BRDA:156,12,1,0
BRDA:160,13,0,0
BRDA:160,13,1,0
BRF:28
BRH:6
end_of_record
TN:
SF:src\tag.ts
FN:11,(anonymous_7)
FN:19,(anonymous_8)
FN:22,(anonymous_10)
FNF:3
FNH:0
FNDA:0,(anonymous_7)
FNDA:0,(anonymous_8)
FNDA:0,(anonymous_10)
DA:4,1
DA:12,0
DA:13,0
DA:14,0
DA:15,0
DA:16,0
DA:17,0
DA:20,0
DA:23,0
LF:9
LH:1
BRF:0
BRH:0
end_of_record
TN:
SF:src\uploadFilesCommand.ts
FN:31,(anonymous_9)
FN:42,(anonymous_10)
FNF:2
FNH:2
FNDA:8,(anonymous_9)
FNDA:8,(anonymous_10)
DA:2,1
DA:5,1
DA:6,1
DA:7,1
DA:22,1
DA:32,8
DA:33,8
DA:34,8
DA:43,8
DA:44,8
DA:45,8
DA:46,8
DA:47,8
DA:48,8
DA:51,8
DA:53,46
DA:54,46
DA:55,46
DA:56,45
DA:57,45
DA:58,44
DA:59,44
DA:61,1
DA:62,1
DA:65,1
DA:68,46
DA:69,46
DA:70,46
DA:72,46
DA:73,2
DA:78,1
DA:79,1
DA:80,1
DA:82,8
DA:83,3
DA:85,5
DA:87,8
DA:88,8
DA:90,8
DA:92,8
LF:40
LH:40
BRDA:72,0,0,2
BRDA:72,0,1,44
BRDA:72,1,0,46
BRDA:72,1,1,44
BRDA:82,2,0,3
BRDA:82,2,1,5
BRF:6
BRH:6
end_of_record
TN:
SF:src\uploadFolderCommand.ts
FN:34,(anonymous_8)
FN:41,(anonymous_9)
FN:50,(anonymous_10)
FN:74,(anonymous_12)
FN:74,(anonymous_13)
FN:74,(anonymous_14)
FNF:6
FNH:6
FNDA:3,(anonymous_8)
FNDA:14,(anonymous_9)
FNDA:3,(anonymous_10)
FNDA:2,(anonymous_12)
FNDA:2,(anonymous_13)
FNDA:2,(anonymous_14)
DA:2,1
DA:4,1
DA:13,1
DA:24,1
DA:35,3
DA:36,3
DA:37,3
DA:38,3
DA:39,2
DA:41,14
DA:51,3
DA:53,3
DA:54,3
DA:56,3
DA:57,3
DA:58,42
DA:60,42
DA:61,28
DA:65,3
DA:66,3
DA:67,3
DA:70,3
DA:71,2
DA:72,2
DA:74,2
DA:76,3
DA:77,3
DA:78,3
DA:79,3
LF:29
LH:29
BRDA:38,0,0,2
BRDA:38,0,1,1
BRDA:60,1,0,28
BRDA:60,1,1,14
BRF:4
BRH:4
end_of_record
TN:
SF:src\user.ts
FN:4,(anonymous_8)
FN:73,(anonymous_9)
FN:89,(anonymous_10)
FN:99,(anonymous_12)
FN:110,(anonymous_14)
FN:121,(anonymous_16)
FN:135,(anonymous_18)
FN:147,(anonymous_20)
FN:158,(anonymous_22)
FN:168,(anonymous_24)
FN:194,(anonymous_26)
FN:205,(anonymous_28)
FN:217,(anonymous_30)
FN:231,(anonymous_32)
FN:243,(anonymous_34)
FN:257,(anonymous_36)
FN:269,(anonymous_38)
FN:284,(anonymous_40)
FN:296,(anonymous_42)
FN:311,(anonymous_44)
FN:323,(anonymous_46)
FN:338,(anonymous_48)
FN:350,(anonymous_50)
FN:365,(anonymous_52)
FN:377,(anonymous_54)
FN:390,(anonymous_56)
FN:404,(anonymous_58)
FN:418,(anonymous_60)
FN:433,(anonymous_62)
FN:447,(anonymous_64)
FN:463,(anonymous_66)
FN:479,(anonymous_68)
FN:492,(anonymous_70)
FN:507,(anonymous_72)
FN:525,(anonymous_74)
FN:540,(anonymous_76)
FN:554,(anonymous_78)
FN:570,(anonymous_80)
FN:582,(anonymous_82)
FN:592,(anonymous_84)
FNF:40
FNH:1
FNDA:1,(anonymous_8)
FNDA:0,(anonymous_9)
FNDA:0,(anonymous_10)
FNDA:0,(anonymous_12)
FNDA:0,(anonymous_14)
FNDA:0,(anonymous_16)
FNDA:0,(anonymous_18)
FNDA:0,(anonymous_20)
FNDA:0,(anonymous_22)
FNDA:0,(anonymous_24)
FNDA:0,(anonymous_26)
FNDA:0,(anonymous_28)
FNDA:0,(anonymous_30)
FNDA:0,(anonymous_32)
FNDA:0,(anonymous_34)
FNDA:0,(anonymous_36)
FNDA:0,(anonymous_38)
FNDA:0,(anonymous_40)
FNDA:0,(anonymous_42)
FNDA:0,(anonymous_44)
FNDA:0,(anonymous_46)
FNDA:0,(anonymous_48)
FNDA:0,(anonymous_50)
FNDA:0,(anonymous_52)
FNDA:0,(anonymous_54)
FNDA:0,(anonymous_56)
FNDA:0,(anonymous_58)
FNDA:0,(anonymous_60)
FNDA:0,(anonymous_62)
FNDA:0,(anonymous_64)
FNDA:0,(anonymous_66)
FNDA:0,(anonymous_68)
FNDA:0,(anonymous_70)
FNDA:0,(anonymous_72)
FNDA:0,(anonymous_74)
FNDA:0,(anonymous_76)
FNDA:0,(anonymous_78)
FNDA:0,(anonymous_80)
FNDA:0,(anonymous_82)
FNDA:0,(anonymous_84)
DA:1,1
DA:2,1
DA:4,1
DA:5,1
DA:6,1
DA:7,1
DA:8,1
DA:9,1
DA:10,1
DA:11,1
DA:12,1
DA:13,1
DA:14,1
DA:58,1
DA:74,0
DA:75,0
DA:76,0
DA:90,0
DA:100,0
DA:101,0
DA:111,0
DA:112,0
DA:122,0
DA:123,0
DA:124,0
DA:126,0
DA:136,0
DA:148,0
DA:149,0
DA:159,0
DA:169,0
DA:171,0
DA:176,0
DA:177,0
DA:180,0
DA:181,0
DA:183,0
DA:195,0
DA:196,0
DA:206,0
DA:218,0
DA:219,0
DA:232,0
DA:244,0
DA:245,0
DA:258,0
DA:270,0
DA:271,0
DA:285,0
DA:297,0
DA:298,0
DA:312,0
DA:324,0
DA:325,0
DA:339,0
DA:351,0
DA:352,0
DA:366,0
DA:378,0
DA:379,0
DA:391,0
DA:405,0
DA:419,0
DA:420,0
DA:421,0
DA:422,0
DA:424,0
DA:434,0
DA:448,0
DA:449,0
DA:450,0
DA:464,0
DA:465,0
DA:466,0
DA:480,0
DA:493,0
DA:494,0
DA:495,0
DA:508,0
DA:509,0
DA:510,0
DA:512,0
DA:526,0
DA:527,0
DA:528,0
DA:529,0
DA:531,0
DA:541,0
DA:555,0
DA:556,0
DA:557,0
DA:571,0
DA:572,0
DA:573,0
DA:583,0
DA:593,0
DA:594,0
DA:596,0
LF:98
LH:14
BRDA:4,0,0,1
BRDA:4,0,1,1
BRDA:123,1,0,0
BRDA:123,1,1,0
BRDA:176,2,0,0
BRDA:176,2,1,0
BRDA:180,3,0,0
BRDA:180,3,1,0
BRDA:480,4,0,0
BRDA:480,4,1,0
BRDA:508,5,0,0
BRDA:508,5,1,0
BRDA:593,6,0,0
BRDA:593,6,1,0
BRF:14
BRH:2
end_of_record
TN:
SF:src\userGroup.ts
FN:13,(anonymous_7)
FN:22,(anonymous_8)
FN:34,(anonymous_10)
FN:38,(anonymous_12)
FNF:4
FNH:0
FNDA:0,(anonymous_7)
FNDA:0,(anonymous_8)
FNDA:0,(anonymous_10)
FNDA:0,(anonymous_12)
DA:1,1
DA:10,1
DA:14,0
DA:15,0
DA:24,0
DA:25,0
DA:27,0
DA:28,0
DA:30,0
DA:35,0
DA:39,0
LF:11
LH:2
BRDA:27,0,0,0
BRDA:27,0,1,0
BRF:2
BRH:0
end_of_record
