TN:
SF:src\client.ts
FN:108,(anonymous_9)
FN:171,(anonymous_10)
FN:216,(anonymous_12)
FN:257,(anonymous_14)
FN:275,(anonymous_16)
FN:293,(anonymous_18)
FN:312,(anonymous_20)
FN:328,(anonymous_22)
FN:371,(anonymous_24)
FN:411,(anonymous_26)
FN:430,(anonymous_28)
FN:461,(anonymous_30)
FN:533,(anonymous_32)
FN:596,(anonymous_34)
FN:622,(anonymous_36)
FN:638,(anonymous_38)
FN:671,(anonymous_40)
FN:695,(anonymous_42)
FN:722,(anonymous_44)
FN:750,(anonymous_46)
FN:779,(anonymous_48)
FN:816,(anonymous_50)
FN:853,(anonymous_52)
FN:879,(anonymous_54)
FN:888,(anonymous_55)
FN:902,(anonymous_56)
FN:975,(anonymous_58)
FN:1006,(anonymous_60)
FN:1043,(anonymous_62)
FN:1089,(anonymous_64)
FN:1111,(anonymous_66)
FN:1138,(anonymous_68)
FN:1178,(anonymous_70)
FN:1207,(anonymous_72)
FN:1243,(anonymous_74)
FN:1277,(anonymous_76)
FN:1374,(anonymous_78)
FN:1394,(anonymous_80)
FN:1432,(anonymous_82)
FN:1445,(anonymous_83)
FN:1449,(anonymous_84)
FN:1471,(anonymous_86)
FN:1543,(anonymous_88)
FNF:43
FNH:42
FNDA:119,(anonymous_9)
FNDA:12,(anonymous_10)
FNDA:20,(anonymous_12)
FNDA:34,(anonymous_14)
FNDA:2,(anonymous_16)
FNDA:18,(anonymous_18)
FNDA:1,(anonymous_20)
FNDA:38,(anonymous_22)
FNDA:9,(anonymous_24)
FNDA:2,(anonymous_26)
FNDA:2,(anonymous_28)
FNDA:9,(anonymous_30)
FNDA:72,(anonymous_32)
FNDA:36,(anonymous_34)
FNDA:25,(anonymous_36)
FNDA:165,(anonymous_38)
FNDA:3,(anonymous_40)
FNDA:2,(anonymous_42)
FNDA:25,(anonymous_44)
FNDA:43,(anonymous_46)
FNDA:3,(anonymous_48)
FNDA:3,(anonymous_50)
FNDA:2,(anonymous_52)
FNDA:5,(anonymous_54)
FNDA:2,(anonymous_55)
FNDA:12,(anonymous_56)
FNDA:8,(anonymous_58)
FNDA:3,(anonymous_60)
FNDA:2,(anonymous_62)
FNDA:1,(anonymous_64)
FNDA:0,(anonymous_66)
FNDA:2,(anonymous_68)
FNDA:3,(anonymous_70)
FNDA:10,(anonymous_72)
FNDA:1,(anonymous_74)
FNDA:209,(anonymous_76)
FNDA:474,(anonymous_78)
FNDA:5,(anonymous_80)
FNDA:272,(anonymous_82)
FNDA:87,(anonymous_83)
FNDA:52,(anonymous_84)
FNDA:204,(anonymous_86)
FNDA:25,(anonymous_88)
DA:2,1
DA:4,1
DA:5,1
DA:6,1
DA:11,1
DA:12,1
DA:13,1
DA:14,1
DA:15,1
DA:16,1
DA:17,1
DA:18,1
DA:19,1
DA:20,1
DA:21,1
DA:22,1
DA:23,1
DA:26,1
DA:27,1
DA:28,1
DA:29,1
DA:30,1
DA:32,1
DA:33,1
DA:34,1
DA:35,1
DA:36,1
DA:39,1
DA:77,1
DA:79,1
DA:87,119
DA:109,119
DA:110,119
DA:111,119
DA:112,119
DA:113,119
DA:117,119
DA:118,2
DA:119,2
DA:120,1
DA:122,1
DA:123,1
DA:127,118
DA:129,4
DA:131,4
DA:133,4
DA:135,1
DA:138,3
DA:140,3
DA:142,3
DA:143,3
DA:144,3
DA:145,1
DA:147,2
DA:150,3
DA:152,3
DA:159,3
DA:162,117
DA:163,114
DA:164,114
DA:172,12
DA:173,12
DA:177,12
DA:183,12
DA:185,4
DA:186,4
DA:187,17
DA:188,8
DA:192,8
DA:193,2
DA:198,4
DA:199,1
DA:200,1
DA:202,3
DA:203,3
DA:218,20
DA:221,20
DA:222,20
DA:223,2
DA:227,18
DA:233,18
DA:239,18
DA:240,18
DA:241,18
DA:242,1
DA:246,17
DA:248,17
DA:249,17
DA:259,34
DA:261,34
DA:262,34
DA:263,54
DA:264,14
DA:267,20
DA:277,2
DA:279,2
DA:280,2
DA:281,4
DA:282,1
DA:285,1
DA:295,18
DA:297,18
DA:301,18
DA:314,1
DA:316,1
DA:318,1
DA:320,2
DA:329,38
DA:330,38
DA:344,38
DA:346,38
DA:352,38
DA:353,38
DA:355,38
DA:356,70
DA:364,38
DA:372,9
DA:374,9
DA:388,9
DA:389,9
DA:395,9
DA:396,9
DA:398,9
DA:399,16
DA:402,9
DA:403,9
DA:412,2
DA:414,2
DA:418,2
DA:423,2
DA:431,2
DA:433,2
DA:443,2
DA:449,2
DA:451,2
DA:452,2
DA:453,1
DA:457,1
DA:458,1
DA:462,9
DA:464,9
DA:490,9
DA:491,9
DA:497,8
DA:499,8
DA:501,8
DA:502,20
DA:503,20
DA:504,16
DA:506,20
DA:507,8
DA:509,12
DA:510,12
DA:511,12
DA:512,12
DA:513,12
DA:514,12
DA:515,4
DA:516,4
DA:517,4
DA:519,8
DA:521,12
DA:525,8
DA:534,72
DA:535,72
DA:537,72
DA:538,72
DA:539,222
DA:540,1
DA:546,71
DA:547,71
DA:548,33
DA:549,33
DA:552,38
DA:553,38
DA:554,38
DA:557,5
DA:558,5
DA:559,5
DA:560,5
DA:562,5
DA:564,16
DA:565,16
DA:566,16
DA:568,16
DA:569,14
DA:572,14
DA:573,14
DA:575,2
DA:581,38
DA:582,38
DA:583,37
DA:584,37
DA:586,1
DA:598,36
DA:599,36
DA:601,36
DA:604,36
DA:605,36
DA:613,1
DA:614,1
DA:623,25
DA:624,25
DA:626,25
DA:628,25
DA:629,23
DA:639,165
DA:640,165
DA:643,165
DA:644,4
DA:647,161
DA:648,161
DA:649,98
DA:650,98
DA:651,97
DA:657,1
DA:658,1
DA:661,63
DA:662,63
DA:672,3
DA:673,3
DA:674,3
DA:676,3
DA:678,3
DA:679,4
DA:680,4
DA:687,3
DA:696,2
DA:697,2
DA:698,2
DA:700,2
DA:702,2
DA:703,2
DA:705,2
DA:714,2
DA:724,25
DA:725,1
DA:728,25
DA:729,25
DA:731,25
DA:734,25
DA:735,25
DA:738,25
DA:740,25
DA:741,1
DA:743,24
DA:751,43
DA:753,43
DA:754,43
DA:755,38
DA:756,38
DA:757,37
DA:765,1
DA:766,1
DA:769,5
DA:770,5
DA:781,3
DA:782,3
DA:784,3
DA:786,3
DA:790,3
DA:791,3
DA:799,1
DA:800,1
DA:803,2
DA:804,2
DA:805,1
DA:808,1
DA:818,3
DA:819,3
DA:821,3
DA:823,3
DA:827,3
DA:828,3
DA:836,1
DA:837,1
DA:840,2
DA:841,2
DA:842,1
DA:845,1
DA:854,2
DA:855,2
DA:856,2
DA:860,2
DA:861,2
DA:867,1
DA:868,1
DA:871,1
DA:880,5
DA:881,5
DA:889,2
DA:890,2
DA:903,12
DA:904,12
DA:906,12
DA:907,1
DA:910,11
DA:918,11
DA:924,11
DA:976,8
DA:978,8
DA:985,8
DA:991,8
DA:1007,3
DA:1008,3
DA:1009,1
DA:1012,3
DA:1013,1
DA:1016,3
DA:1025,3
DA:1031,3
DA:1032,3
DA:1033,3
DA:1034,6
DA:1037,3
DA:1044,2
DA:1049,2
DA:1055,2
DA:1058,2
DA:1063,1
DA:1065,1
DA:1067,1
DA:1080,1
DA:1090,1
DA:1095,1
DA:1101,1
DA:1102,1
DA:1103,1
DA:1106,1
DA:1108,1
DA:1112,0
DA:1120,0
DA:1121,0
DA:1126,0
DA:1127,0
DA:1140,2
DA:1141,2
DA:1143,2
DA:1149,2
DA:1154,2
DA:1157,2
DA:1163,2
DA:1164,2
DA:1165,2
DA:1180,3
DA:1182,3
DA:1188,3
DA:1193,3
DA:1195,3
DA:1209,10
DA:1214,10
DA:1218,10
DA:1220,10
DA:1226,10
DA:1227,10
DA:1245,1
DA:1250,1
DA:1254,1
DA:1256,1
DA:1278,209
DA:1280,209
DA:1281,1
DA:1284,208
DA:1285,1
DA:1288,207
DA:1290,207
DA:1291,1
DA:1293,206
DA:1296,206
DA:1299,206
DA:1300,1
DA:1304,205
DA:1305,155
DA:1312,205
DA:1313,205
DA:1315,319
DA:1316,1
DA:1319,318
DA:1320,1
DA:1322,317
DA:1325,317
DA:1326,186
DA:1329,317
DA:1330,448
DA:1331,1
DA:1333,447
DA:1334,268
DA:1335,1
DA:1337,267
DA:1338,267
DA:1339,267
DA:1344,201
DA:1376,474
DA:1377,208
DA:1381,474
DA:1382,474
DA:1395,5
DA:1396,5
DA:1397,5
DA:1398,5
DA:1400,5
DA:1401,3
DA:1403,2
DA:1405,5
DA:1406,5
DA:1411,4
DA:1413,4
DA:1414,6
DA:1416,4
DA:1420,2
DA:1421,2
DA:1426,1
DA:1429,5
DA:1433,272
DA:1434,3
DA:1437,272
DA:1438,272
DA:1439,7
DA:1442,272
DA:1446,87
DA:1451,52
DA:1452,52
DA:1454,52
DA:1457,52
DA:1458,52
DA:1466,5
DA:1467,5
DA:1473,204
DA:1474,204
DA:1476,204
DA:1499,204
DA:1500,204
DA:1508,67
DA:1509,67
DA:1512,137
DA:1513,137
DA:1515,137
DA:1516,136
DA:1524,136
DA:1525,38
DA:1527,98
DA:1530,136
DA:1531,37
DA:1535,137
DA:1536,1
DA:1537,1
DA:1540,136
DA:1545,25
DA:1546,25
DA:1548,25
DA:1553,25
DA:1560,25
LF:452
LH:447
BRDA:117,0,0,2
BRDA:117,0,1,117
BRDA:127,1,0,4
BRDA:127,1,1,114
BRDA:133,2,0,1
BRDA:133,2,1,3
BRDA:144,3,0,1
BRDA:144,3,1,2
BRDA:162,4,0,114
BRDA:162,4,1,3
BRDA:187,5,0,8
BRDA:187,5,1,9
BRDA:192,6,0,2
BRDA:192,6,1,6
BRDA:198,7,0,1
BRDA:198,7,1,3
BRDA:222,8,0,2
BRDA:222,8,1,18
BRDA:241,9,0,1
BRDA:241,9,1,17
BRDA:241,10,0,18
BRDA:241,10,1,18
BRDA:263,11,0,14
BRDA:263,11,1,40
BRDA:281,12,0,1
BRDA:281,12,1,3
BRDA:452,13,0,1
BRDA:452,13,1,1
BRDA:503,14,0,16
BRDA:503,14,1,4
BRDA:506,15,0,8
BRDA:506,15,1,12
BRDA:514,16,0,4
BRDA:514,16,1,8
BRDA:539,17,0,1
BRDA:539,17,1,221
BRDA:539,18,0,222
BRDA:539,18,1,222
BRDA:547,19,0,33
BRDA:547,19,1,38
BRDA:568,20,0,14
BRDA:568,20,1,2
BRDA:582,21,0,37
BRDA:582,21,1,1
BRDA:628,22,0,23
BRDA:628,22,1,2
BRDA:643,23,0,4
BRDA:643,23,1,161
BRDA:643,24,0,165
BRDA:643,24,1,161
BRDA:650,25,0,97
BRDA:650,25,1,1
BRDA:724,26,0,1
BRDA:724,26,1,24
BRDA:740,27,0,1
BRDA:740,27,1,24
BRDA:756,28,0,37
BRDA:756,28,1,1
BRDA:762,29,0,37
BRDA:762,29,1,1
BRDA:763,30,0,37
BRDA:763,30,1,1
BRDA:804,31,0,1
BRDA:804,31,1,1
BRDA:841,32,0,1
BRDA:841,32,1,1
BRDA:906,33,0,1
BRDA:906,33,1,11
BRDA:1008,34,0,1
BRDA:1008,34,1,2
BRDA:1012,35,0,1
BRDA:1012,35,1,2
BRDA:1058,36,0,1
BRDA:1058,36,1,1
BRDA:1058,37,0,2
BRDA:1058,37,1,1
BRDA:1058,37,2,1
BRDA:1058,37,3,1
BRDA:1058,37,4,1
BRDA:1103,38,0,1
BRDA:1103,38,1,0
BRDA:1103,39,0,1
BRDA:1103,39,1,1
BRDA:1103,39,2,1
BRDA:1280,40,0,1
BRDA:1280,40,1,208
BRDA:1284,41,0,1
BRDA:1284,41,1,207
BRDA:1290,42,0,1
BRDA:1290,42,1,206
BRDA:1299,43,0,1
BRDA:1299,43,1,205
BRDA:1299,44,0,206
BRDA:1299,44,1,205
BRDA:1304,45,0,155
BRDA:1304,45,1,50
BRDA:1304,46,0,205
BRDA:1304,46,1,51
BRDA:1315,47,0,1
BRDA:1315,47,1,318
BRDA:1319,48,0,1
BRDA:1319,48,1,317
BRDA:1325,49,0,186
BRDA:1325,49,1,131
BRDA:1325,50,0,317
BRDA:1325,50,1,132
BRDA:1330,51,0,1
BRDA:1330,51,1,447
BRDA:1333,52,0,268
BRDA:1333,52,1,179
BRDA:1334,53,0,1
BRDA:1334,53,1,267
BRDA:1376,54,0,208
BRDA:1376,54,1,266
BRDA:1381,55,0,474
BRDA:1400,56,0,3
BRDA:1400,56,1,2
BRDA:1414,57,0,4
BRDA:1414,57,1,2
BRDA:1433,58,0,3
BRDA:1433,58,1,269
BRDA:1438,59,0,7
BRDA:1438,59,1,265
BRDA:1524,60,0,38
BRDA:1524,60,1,98
BRDA:1530,61,0,37
BRDA:1530,61,1,99
BRDA:1535,62,0,1
BRDA:1535,62,1,136
BRF:129
BRH:128
end_of_record
TN:
SF:src\environment.ts
FN:13,(anonymous_1)
FN:32,(anonymous_2)
FNF:2
FNH:2
FNDA:9,(anonymous_1)
FNDA:9,(anonymous_2)
DA:1,1
DA:2,1
DA:3,1
DA:5,1
DA:7,1
DA:14,9
DA:15,9
DA:16,9
DA:17,9
DA:20,8
DA:22,1
DA:34,9
DA:35,2
DA:39,7
DA:40,1
DA:44,6
DA:45,1
DA:49,5
LF:18
LH:18
BRDA:17,0,0,8
BRDA:17,0,1,1
BRDA:17,1,0,9
BRDA:17,1,1,4
BRDA:17,1,2,3
BRDA:17,1,3,2
BRDA:17,1,4,6
BRDA:34,2,0,2
BRDA:34,2,1,7
BRDA:39,3,0,1
BRDA:39,3,1,6
BRDA:44,4,0,1
BRDA:44,4,1,5
BRF:13
BRH:13
end_of_record
TN:
SF:src\environmentVcapServices.ts
FN:21,(anonymous_1)
FN:64,(anonymous_2)
FNF:2
FNH:2
FNDA:8,(anonymous_1)
FNDA:2,(anonymous_2)
DA:2,1
DA:4,1
DA:5,1
DA:6,1
DA:7,1
DA:9,1
DA:16,1
DA:23,8
DA:24,2
DA:27,6
DA:28,6
DA:30,6
DA:31,1
DA:32,1
DA:35,5
DA:36,1
DA:41,4
DA:42,1
DA:47,3
DA:48,1
DA:53,2
DA:54,2
DA:55,2
DA:65,2
LF:24
LH:24
BRDA:23,0,0,2
BRDA:23,0,1,6
BRDA:30,1,0,1
BRDA:30,1,1,5
BRDA:30,2,0,6
BRDA:30,2,1,6
BRDA:30,2,2,6
BRDA:30,2,3,2
BRDA:30,2,4,1
BRDA:35,3,0,1
BRDA:35,3,1,4
BRDA:41,4,0,1
BRDA:41,4,1,3
BRDA:47,5,0,1
BRDA:47,5,1,2
BRF:15
BRH:15
end_of_record
TN:
SF:src\error.ts
FN:8,(anonymous_0)
FNF:1
FNH:1
FNDA:51,(anonymous_0)
DA:2,1
DA:4,1
DA:9,51
DA:10,51
DA:11,51
LF:5
LH:5
BRF:0
BRH:0
end_of_record
TN:
SF:src\fakeServer.ts
FN:14,(anonymous_8)
FN:17,(anonymous_9)
FNF:2
FNH:2
FNDA:116,(anonymous_8)
FNDA:476,(anonymous_9)
DA:1,1
DA:2,1
DA:10,1
DA:12,1
DA:13,116
DA:15,116
DA:18,476
DA:19,476
DA:20,2
DA:23,476
DA:24,476
DA:25,1
DA:27,475
DA:31,475
DA:33,475
DA:34,473
DA:37,475
DA:38,25
DA:41,475
DA:42,77
DA:43,77
DA:44,77
DA:45,77
DA:46,77
DA:47,77
DA:48,77
DA:50,398
LF:27
LH:27
BRDA:19,0,0,2
BRDA:19,0,1,474
BRDA:24,1,0,1
BRDA:24,1,1,475
BRDA:33,2,0,473
BRDA:33,2,1,2
BRDA:37,3,0,25
BRDA:37,3,1,450
BRDA:41,4,0,77
BRDA:41,4,1,398
BRF:10
BRH:10
end_of_record
TN:
SF:src\file.ts
FN:22,(anonymous_8)
FN:38,(anonymous_9)
FN:47,(anonymous_10)
FN:56,(anonymous_11)
FN:65,(anonymous_12)
FN:73,(anonymous_13)
FN:81,(anonymous_14)
FN:90,(anonymous_15)
FN:100,(anonymous_17)
FN:116,(anonymous_19)
FN:131,(anonymous_21)
FN:140,(anonymous_23)
FN:149,(anonymous_24)
FN:158,(anonymous_25)
FN:167,(anonymous_27)
FN:181,(anonymous_29)
FN:195,(anonymous_31)
FN:207,(anonymous_33)
FN:212,(anonymous_35)
FNF:19
FNH:19
FNDA:39,(anonymous_8)
FNDA:12,(anonymous_9)
FNDA:2,(anonymous_10)
FNDA:2,(anonymous_11)
FNDA:2,(anonymous_12)
FNDA:2,(anonymous_13)
FNDA:27,(anonymous_14)
FNDA:12,(anonymous_15)
FNDA:2,(anonymous_17)
FNDA:2,(anonymous_19)
FNDA:2,(anonymous_21)
FNDA:3,(anonymous_23)
FNDA:1,(anonymous_24)
FNDA:8,(anonymous_25)
FNDA:3,(anonymous_27)
FNDA:2,(anonymous_29)
FNDA:4,(anonymous_31)
FNDA:1,(anonymous_33)
FNDA:75,(anonymous_35)
DA:2,1
DA:3,1
DA:11,1
DA:23,39
DA:32,39
DA:39,12
DA:40,11
DA:48,2
DA:49,1
DA:57,2
DA:58,1
DA:66,2
DA:67,1
DA:74,2
DA:75,1
DA:82,27
DA:83,25
DA:91,12
DA:92,12
DA:101,2
DA:102,2
DA:104,2
DA:105,1
DA:107,1
DA:117,2
DA:118,1
DA:119,1
DA:120,1
DA:121,1
DA:122,1
DA:123,1
DA:124,1
DA:132,2
DA:133,2
DA:141,3
DA:142,3
DA:150,1
DA:151,1
DA:159,8
DA:160,8
DA:168,3
DA:169,3
DA:170,3
DA:171,3
DA:172,5
DA:174,3
DA:182,2
DA:183,2
DA:185,2
DA:186,2
DA:187,1
DA:196,4
DA:197,4
DA:208,1
DA:209,1
DA:213,75
DA:214,8
LF:57
LH:57
BRDA:104,0,0,1
BRDA:104,0,1,1
BRDA:186,1,0,1
BRDA:186,1,1,1
BRDA:213,2,0,8
BRDA:213,2,1,67
BRF:6
BRH:6
end_of_record
TN:
SF:src\fileSystemElement.ts
FNF:0
FNH:0
DA:7,1
LF:1
LH:1
BRF:0
BRH:0
end_of_record
TN:
SF:src\folder.ts
FN:18,(anonymous_8)
FN:30,(anonymous_9)
FN:35,(anonymous_10)
FN:40,(anonymous_11)
FN:45,(anonymous_12)
FN:54,(anonymous_13)
FN:63,(anonymous_15)
FN:75,(anonymous_17)
FN:84,(anonymous_19)
FN:95,(anonymous_21)
FN:107,(anonymous_23)
FN:129,(anonymous_25)
FN:141,(anonymous_27)
FN:154,(anonymous_29)
FN:163,(anonymous_30)
FN:173,(anonymous_31)
FN:187,(anonymous_33)
FN:195,(anonymous_35)
FN:209,(anonymous_37)
FN:224,(anonymous_39)
FN:236,(anonymous_41)
FN:241,(anonymous_43)
FNF:22
FNH:22
FNDA:105,(anonymous_8)
FNDA:107,(anonymous_9)
FNDA:3,(anonymous_10)
FNDA:2,(anonymous_11)
FNDA:18,(anonymous_12)
FNDA:1,(anonymous_13)
FNDA:2,(anonymous_15)
FNDA:2,(anonymous_17)
FNDA:1,(anonymous_19)
FNDA:4,(anonymous_21)
FNDA:21,(anonymous_23)
FNDA:23,(anonymous_25)
FNDA:1,(anonymous_27)
FNDA:1,(anonymous_29)
FNDA:1,(anonymous_30)
FNDA:2,(anonymous_31)
FNDA:3,(anonymous_33)
FNDA:2,(anonymous_35)
FNDA:2,(anonymous_37)
FNDA:4,(anonymous_39)
FNDA:2,(anonymous_41)
FNDA:176,(anonymous_43)
DA:2,1
DA:5,1
DA:9,1
DA:20,105
DA:21,105
DA:31,107
DA:32,106
DA:36,3
DA:37,2
DA:41,2
DA:42,1
DA:46,18
DA:47,16
DA:55,1
DA:56,1
DA:64,2
DA:65,2
DA:66,2
DA:67,1
DA:69,1
DA:76,2
DA:77,2
DA:85,1
DA:86,1
DA:96,4
DA:97,4
DA:108,21
DA:110,21
DA:111,21
DA:114,21
DA:115,162
DA:116,1
DA:122,20
DA:130,23
DA:131,23
DA:132,23
DA:142,1
DA:143,1
DA:144,1
DA:145,1
DA:146,1
DA:147,1
DA:155,1
DA:156,1
DA:164,1
DA:165,1
DA:174,2
DA:176,2
DA:177,2
DA:178,1
DA:180,1
DA:188,3
DA:196,2
DA:197,2
DA:198,2
DA:199,2
DA:200,5
DA:202,2
DA:210,2
DA:211,2
DA:212,2
DA:214,2
DA:215,2
DA:216,1
DA:225,4
DA:226,4
DA:237,2
DA:238,2
DA:242,176
DA:243,5
LF:70
LH:70
BRDA:18,0,0,4
BRDA:66,1,0,1
BRDA:66,1,1,1
BRDA:115,2,0,1
BRDA:115,2,1,161
BRDA:177,3,0,1
BRDA:177,3,1,1
BRDA:215,4,0,1
BRDA:215,4,1,1
BRDA:242,5,0,5
BRDA:242,5,1,171
BRF:11
BRH:11
end_of_record
TN:
SF:src\httpClient.ts
FN:39,(anonymous_9)
FN:46,(anonymous_10)
FN:89,(anonymous_12)
FN:89,(anonymous_13)
FN:93,(anonymous_14)
FN:93,(anonymous_15)
FN:97,(anonymous_16)
FN:97,(anonymous_17)
FNF:8
FNH:8
FNDA:9,(anonymous_9)
FNDA:6,(anonymous_10)
FNDA:2,(anonymous_12)
FNDA:2,(anonymous_13)
FNDA:1,(anonymous_14)
FNDA:1,(anonymous_15)
FNDA:1,(anonymous_16)
FNDA:1,(anonymous_17)
DA:1,1
DA:2,1
DA:3,1
DA:4,1
DA:9,1
DA:10,1
DA:11,1
DA:13,1
DA:33,1
DA:40,9
DA:41,9
DA:42,9
DA:43,9
DA:44,9
DA:48,6
DA:49,5
DA:52,6
DA:53,1
DA:56,6
DA:57,1
DA:60,6
DA:61,3
DA:63,6
DA:66,6
DA:67,2
DA:68,2
DA:73,2
DA:74,2
DA:75,2
DA:76,1
DA:80,6
DA:81,6
DA:83,6
DA:85,3
DA:86,1
DA:89,2
DA:90,2
DA:93,1
DA:94,1
DA:97,1
DA:98,1
DA:102,1
DA:107,1
DA:112,1
DA:113,1
DA:116,3
DA:118,3
DA:119,1
DA:120,1
DA:121,1
DA:122,1
DA:123,1
DA:124,1
DA:125,1
DA:133,2
LF:55
LH:55
BRDA:43,0,0,9
BRDA:43,0,1,5
BRDA:44,1,0,9
BRDA:44,1,1,1
BRDA:48,2,0,5
BRDA:48,2,1,1
BRDA:52,3,0,1
BRDA:52,3,1,5
BRDA:56,4,0,1
BRDA:56,4,1,5
BRDA:60,5,0,3
BRDA:60,5,1,3
BRDA:66,6,0,2
BRDA:66,6,1,4
BRDA:75,7,0,1
BRDA:75,7,1,1
BRDA:85,8,0,1
BRDA:85,8,1,2
BRDA:110,9,0,1
BRDA:110,9,1,1
BRDA:118,10,0,1
BRDA:118,10,1,2
BRF:22
BRH:22
end_of_record
TN:
SF:src\requestResponseLog.ts
FN:27,(anonymous_8)
FN:13,(anonymous_9)
FN:16,(anonymous_10)
FN:32,(anonymous_11)
FN:57,(anonymous_13)
FN:68,(anonymous_15)
FN:79,(anonymous_17)
FN:83,(anonymous_18)
FN:90,(anonymous_19)
FNF:9
FNH:9
FNDA:8,(anonymous_8)
FNDA:7,(anonymous_9)
FNDA:101,(anonymous_10)
FNDA:10,(anonymous_11)
FNDA:95,(anonymous_13)
FNDA:97,(anonymous_15)
FNDA:200,(anonymous_17)
FNDA:8,(anonymous_18)
FNDA:97,(anonymous_19)
DA:2,1
DA:3,1
DA:4,1
DA:5,1
DA:8,1
DA:10,1
DA:11,1
DA:14,7
DA:17,101
DA:18,8
DA:20,101
DA:22,1
DA:24,8
DA:26,8
DA:28,8
DA:29,8
DA:33,10
DA:34,10
DA:35,1
DA:36,1
DA:38,9
DA:39,7
DA:40,4
DA:42,7
DA:43,0
DA:47,9
DA:48,6
DA:49,4
DA:53,9
DA:54,9
DA:58,95
DA:59,95
DA:60,1
DA:61,1
DA:64,94
DA:65,61
DA:69,97
DA:70,97
DA:72,97
DA:73,97
DA:76,97
DA:80,200
DA:84,8
DA:85,6
DA:87,2
DA:91,97
DA:92,97
DA:93,97
DA:95,97
DA:96,386
DA:97,97
DA:99,289
DA:102,386
DA:103,386
DA:104,15
DA:106,371
LF:56
LH:55
BRDA:17,0,0,8
BRDA:17,0,1,93
BRDA:34,1,0,1
BRDA:34,1,1,9
BRDA:38,2,0,7
BRDA:38,2,1,2
BRDA:38,3,0,9
BRDA:38,3,1,7
BRDA:39,4,0,4
BRDA:39,4,1,3
BRDA:42,5,0,0
BRDA:42,5,1,7
BRDA:47,6,0,6
BRDA:47,6,1,3
BRDA:48,7,0,4
BRDA:48,7,1,2
BRDA:59,8,0,1
BRDA:59,8,1,94
BRDA:84,9,0,6
BRDA:84,9,1,2
BRDA:96,10,0,97
BRDA:96,10,1,289
BRF:22
BRH:21
end_of_record
TN:
SF:src\requestResponseLogEntry.ts
FN:8,(anonymous_0)
FN:23,(anonymous_1)
FN:35,(anonymous_2)
FNF:3
FNH:3
FNDA:6,(anonymous_0)
FNDA:6,(anonymous_1)
FNDA:10,(anonymous_2)
DA:2,1
DA:9,6
DA:10,6
DA:11,6
DA:12,6
DA:17,1
DA:24,6
DA:25,6
DA:26,6
DA:27,6
DA:32,1
DA:36,10
DA:37,10
LF:13
LH:13
BRF:0
BRH:0
end_of_record
TN:
SF:src\server.ts
FN:25,(anonymous_1)
FNF:1
FNH:1
FNDA:9,(anonymous_1)
DA:1,1
DA:4,1
DA:19,1
DA:26,9
DA:27,9
DA:28,9
DA:29,9
DA:30,9
DA:31,1
DA:33,8
LF:10
LH:10
BRDA:30,0,0,1
BRDA:30,0,1,8
BRF:2
BRH:2
end_of_record
TN:
SF:src\share.ts
FN:6,(anonymous_7)
FN:15,(anonymous_8)
FN:29,(anonymous_9)
FN:96,(anonymous_10)
FN:35,(anonymous_11)
FN:41,(anonymous_13)
FN:108,(anonymous_14)
FN:112,(anonymous_16)
FN:121,(anonymous_18)
FN:125,(anonymous_20)
FN:130,(anonymous_22)
FN:172,(anonymous_24)
FN:180,(anonymous_25)
FN:188,(anonymous_26)
FN:196,(anonymous_27)
FN:204,(anonymous_28)
FNF:16
FNH:16
FNDA:1,(anonymous_7)
FNDA:1,(anonymous_8)
FNDA:1,(anonymous_9)
FNDA:10,(anonymous_10)
FNDA:10,(anonymous_11)
FNDA:2,(anonymous_13)
FNDA:1,(anonymous_14)
FNDA:1,(anonymous_16)
FNDA:1,(anonymous_18)
FNDA:1,(anonymous_20)
FNDA:10,(anonymous_22)
FNDA:2,(anonymous_24)
FNDA:2,(anonymous_25)
FNDA:1,(anonymous_26)
FNDA:2,(anonymous_27)
FNDA:2,(anonymous_28)
DA:1,1
DA:6,1
DA:7,1
DA:8,1
DA:9,1
DA:10,1
DA:11,1
DA:12,1
DA:15,1
DA:16,1
DA:17,1
DA:18,1
DA:19,1
DA:29,1
DA:30,1
DA:31,1
DA:33,1
DA:36,10
DA:37,10
DA:38,6
DA:42,2
DA:50,2
DA:56,2
DA:57,1
DA:59,1
DA:62,2
DA:63,1
DA:66,2
DA:97,10
DA:98,10
DA:109,1
DA:113,1
DA:114,1
DA:122,1
DA:126,1
DA:127,1
DA:131,10
DA:133,10
DA:134,1
DA:137,9
DA:138,1
DA:140,8
DA:142,8
DA:143,1
DA:145,7
DA:147,7
DA:148,1
DA:151,6
DA:152,5
DA:154,1
DA:156,6
DA:157,2
DA:160,6
DA:161,1
DA:173,2
DA:181,2
DA:189,1
DA:197,2
DA:205,2
LF:59
LH:59
BRDA:6,0,0,1
BRDA:6,0,1,1
BRDA:15,1,0,1
BRDA:15,1,1,1
BRDA:29,2,0,1
BRDA:29,2,1,1
BRDA:56,3,0,1
BRDA:56,3,1,1
BRDA:56,4,0,2
BRDA:56,4,1,1
BRDA:62,5,0,1
BRDA:62,5,1,1
BRDA:133,6,0,1
BRDA:133,6,1,9
BRDA:133,7,0,10
BRDA:133,7,1,9
BRDA:137,8,0,1
BRDA:137,8,1,8
BRDA:142,9,0,1
BRDA:142,9,1,7
BRDA:147,10,0,1
BRDA:147,10,1,6
BRDA:151,11,0,5
BRDA:151,11,1,1
BRDA:156,12,0,2
BRDA:156,12,1,4
BRDA:160,13,0,1
BRDA:160,13,1,5
BRF:28
BRH:28
end_of_record
TN:
SF:src\tag.ts
FN:11,(anonymous_7)
FN:19,(anonymous_8)
FN:22,(anonymous_10)
FNF:3
FNH:3
FNDA:87,(anonymous_7)
FNDA:18,(anonymous_8)
FNDA:1,(anonymous_10)
DA:4,1
DA:12,87
DA:13,87
DA:14,87
DA:15,87
DA:16,87
DA:17,87
DA:20,18
DA:23,1
LF:9
LH:9
BRF:0
BRH:0
end_of_record
