TN:
SF:C:\Users\holger\Documents\GitHub\nextcloud-node-client\src\client.ts
FN:74,(anonymous_9)
FN:137,(anonymous_10)
FN:182,(anonymous_12)
FN:223,(anonymous_14)
FN:241,(anonymous_16)
FN:259,(anonymous_18)
FN:278,(anonymous_20)
FN:294,(anonymous_22)
FN:337,(anonymous_24)
FN:377,(anonymous_26)
FN:396,(anonymous_28)
FN:427,(anonymous_30)
FN:499,(anonymous_32)
FN:562,(anonymous_34)
FN:588,(anonymous_36)
FN:604,(anonymous_38)
FN:637,(anonymous_40)
FN:661,(anonymous_42)
FN:688,(anonymous_44)
FN:716,(anonymous_46)
FN:745,(anonymous_48)
FN:782,(anonymous_50)
FN:819,(anonymous_52)
FN:845,(anonymous_54)
FN:850,(anonymous_55)
FN:864,(anonymous_56)
FN:932,(anonymous_58)
FN:963,(anonymous_60)
FN:1011,(anonymous_62)
FN:1108,(anonymous_64)
FN:1128,(anonymous_66)
FN:1166,(anonymous_68)
FN:1179,(anonymous_69)
FN:1183,(anonymous_70)
FN:1205,(anonymous_72)
FN:1277,(anonymous_74)
FNF:36
FNH:36
FNDA:112,(anonymous_9)
FNDA:12,(anonymous_10)
FNDA:20,(anonymous_12)
FNDA:34,(anonymous_14)
FNDA:2,(anonymous_16)
FNDA:18,(anonymous_18)
FNDA:1,(anonymous_20)
FNDA:38,(anonymous_22)
FNDA:9,(anonymous_24)
FNDA:2,(anonymous_26)
FNDA:2,(anonymous_28)
FNDA:9,(anonymous_30)
FNDA:71,(anonymous_32)
FNDA:34,(anonymous_34)
FNDA:24,(anonymous_36)
FNDA:161,(anonymous_38)
FNDA:3,(anonymous_40)
FNDA:2,(anonymous_42)
FNDA:24,(anonymous_44)
FNDA:42,(anonymous_46)
FNDA:3,(anonymous_48)
FNDA:3,(anonymous_50)
FNDA:2,(anonymous_52)
FNDA:5,(anonymous_54)
FNDA:2,(anonymous_55)
FNDA:12,(anonymous_56)
FNDA:8,(anonymous_58)
FNDA:3,(anonymous_60)
FNDA:206,(anonymous_62)
FNDA:446,(anonymous_64)
FNDA:5,(anonymous_66)
FNDA:266,(anonymous_68)
FNDA:87,(anonymous_69)
FNDA:51,(anonymous_70)
FNDA:199,(anonymous_72)
FNDA:24,(anonymous_74)
DA:1,1
DA:2,1
DA:3,1
DA:8,1
DA:9,1
DA:10,1
DA:11,1
DA:12,1
DA:13,1
DA:14,1
DA:15,1
DA:16,1
DA:17,1
DA:20,1
DA:21,1
DA:22,1
DA:23,1
DA:24,1
DA:25,1
DA:28,1
DA:43,1
DA:45,1
DA:53,112
DA:75,112
DA:76,112
DA:77,112
DA:78,112
DA:79,112
DA:83,112
DA:84,2
DA:85,2
DA:86,1
DA:88,1
DA:89,1
DA:93,111
DA:95,4
DA:97,4
DA:99,4
DA:101,1
DA:104,3
DA:106,3
DA:108,3
DA:109,3
DA:110,3
DA:111,1
DA:113,2
DA:116,3
DA:118,3
DA:125,3
DA:128,110
DA:129,107
DA:130,107
DA:138,12
DA:139,12
DA:143,12
DA:149,12
DA:151,4
DA:152,4
DA:153,17
DA:154,8
DA:158,8
DA:159,2
DA:164,4
DA:165,1
DA:166,1
DA:168,3
DA:169,3
DA:184,20
DA:187,20
DA:188,20
DA:189,2
DA:193,18
DA:199,18
DA:205,18
DA:206,18
DA:207,18
DA:208,1
DA:212,17
DA:214,17
DA:215,17
DA:225,34
DA:227,34
DA:228,34
DA:229,54
DA:230,14
DA:233,20
DA:243,2
DA:245,2
DA:246,2
DA:247,4
DA:248,1
DA:251,1
DA:261,18
DA:263,18
DA:267,18
DA:280,1
DA:282,1
DA:284,1
DA:286,2
DA:295,38
DA:296,38
DA:310,38
DA:312,38
DA:318,38
DA:319,38
DA:321,38
DA:322,70
DA:330,38
DA:338,9
DA:340,9
DA:354,9
DA:355,9
DA:361,9
DA:362,9
DA:364,9
DA:365,16
DA:368,9
DA:369,9
DA:378,2
DA:380,2
DA:384,2
DA:389,2
DA:397,2
DA:399,2
DA:409,2
DA:415,2
DA:417,2
DA:418,2
DA:419,1
DA:423,1
DA:424,1
DA:428,9
DA:430,9
DA:456,9
DA:457,9
DA:463,8
DA:465,8
DA:467,8
DA:468,20
DA:469,20
DA:470,16
DA:472,20
DA:473,8
DA:475,12
DA:476,12
DA:477,12
DA:478,12
DA:479,12
DA:480,12
DA:481,4
DA:482,4
DA:483,4
DA:485,8
DA:487,12
DA:491,8
DA:500,71
DA:501,71
DA:503,71
DA:504,71
DA:505,219
DA:506,1
DA:512,70
DA:513,70
DA:514,32
DA:515,32
DA:518,38
DA:519,38
DA:520,38
DA:523,5
DA:524,5
DA:525,5
DA:526,5
DA:528,5
DA:530,16
DA:531,16
DA:532,16
DA:534,16
DA:535,13
DA:538,13
DA:539,13
DA:541,3
DA:547,38
DA:548,38
DA:549,37
DA:550,37
DA:552,1
DA:564,34
DA:565,34
DA:567,34
DA:570,34
DA:571,34
DA:579,1
DA:580,1
DA:589,24
DA:590,24
DA:592,24
DA:594,24
DA:595,22
DA:605,161
DA:606,161
DA:609,161
DA:610,4
DA:613,157
DA:614,157
DA:615,96
DA:616,96
DA:617,95
DA:623,1
DA:624,1
DA:627,61
DA:628,61
DA:638,3
DA:639,3
DA:640,3
DA:642,3
DA:644,3
DA:645,4
DA:646,4
DA:653,3
DA:662,2
DA:663,2
DA:664,2
DA:666,2
DA:668,2
DA:669,2
DA:671,2
DA:680,2
DA:690,24
DA:691,1
DA:694,24
DA:695,24
DA:697,24
DA:700,24
DA:701,24
DA:704,24
DA:706,24
DA:707,1
DA:709,23
DA:717,42
DA:719,42
DA:720,42
DA:721,37
DA:722,37
DA:723,36
DA:731,1
DA:732,1
DA:735,5
DA:736,5
DA:747,3
DA:748,3
DA:750,3
DA:752,3
DA:756,3
DA:757,3
DA:765,1
DA:766,1
DA:769,2
DA:770,2
DA:771,1
DA:774,1
DA:784,3
DA:785,3
DA:787,3
DA:789,3
DA:793,3
DA:794,3
DA:802,1
DA:803,1
DA:806,2
DA:807,2
DA:808,1
DA:811,1
DA:820,2
DA:821,2
DA:822,2
DA:826,2
DA:827,2
DA:833,1
DA:834,1
DA:837,1
DA:846,5
DA:847,5
DA:851,2
DA:852,2
DA:865,12
DA:866,12
DA:868,12
DA:869,1
DA:872,11
DA:880,11
DA:886,11
DA:933,8
DA:935,8
DA:942,8
DA:948,8
DA:964,3
DA:965,3
DA:966,1
DA:969,3
DA:970,1
DA:973,3
DA:982,3
DA:988,3
DA:989,3
DA:990,3
DA:991,6
DA:994,3
DA:1012,206
DA:1014,206
DA:1015,1
DA:1018,205
DA:1019,1
DA:1022,204
DA:1024,204
DA:1025,1
DA:1027,203
DA:1030,203
DA:1033,203
DA:1034,1
DA:1038,202
DA:1039,152
DA:1046,202
DA:1047,202
DA:1049,316
DA:1050,1
DA:1053,315
DA:1054,1
DA:1056,314
DA:1059,314
DA:1060,185
DA:1063,314
DA:1064,443
DA:1065,1
DA:1067,442
DA:1068,265
DA:1069,1
DA:1071,264
DA:1072,264
DA:1073,264
DA:1078,198
DA:1110,446
DA:1111,204
DA:1115,446
DA:1116,446
DA:1129,5
DA:1130,5
DA:1131,5
DA:1132,5
DA:1134,5
DA:1135,3
DA:1137,2
DA:1139,5
DA:1140,5
DA:1145,4
DA:1147,4
DA:1148,6
DA:1150,4
DA:1154,2
DA:1155,2
DA:1160,1
DA:1163,5
DA:1167,266
DA:1168,3
DA:1171,266
DA:1172,266
DA:1173,7
DA:1176,266
DA:1180,87
DA:1185,51
DA:1186,51
DA:1188,51
DA:1191,51
DA:1192,51
DA:1200,5
DA:1201,5
DA:1207,199
DA:1208,199
DA:1210,199
DA:1233,199
DA:1234,199
DA:1242,65
DA:1243,65
DA:1246,134
DA:1247,134
DA:1249,134
DA:1250,133
DA:1258,133
DA:1259,37
DA:1261,96
DA:1264,133
DA:1265,36
DA:1269,134
DA:1270,1
DA:1271,1
DA:1274,133
DA:1279,24
DA:1280,24
DA:1282,24
DA:1287,24
DA:1294,24
LF:400
LH:400
BRDA:83,0,0,2
BRDA:83,0,1,110
BRDA:93,1,0,4
BRDA:93,1,1,107
BRDA:99,2,0,1
BRDA:99,2,1,3
BRDA:110,3,0,1
BRDA:110,3,1,2
BRDA:128,4,0,107
BRDA:128,4,1,3
BRDA:153,5,0,8
BRDA:153,5,1,9
BRDA:158,6,0,2
BRDA:158,6,1,6
BRDA:164,7,0,1
BRDA:164,7,1,3
BRDA:188,8,0,2
BRDA:188,8,1,18
BRDA:207,9,0,1
BRDA:207,9,1,17
BRDA:207,10,0,18
BRDA:207,10,1,18
BRDA:229,11,0,14
BRDA:229,11,1,40
BRDA:247,12,0,1
BRDA:247,12,1,3
BRDA:418,13,0,1
BRDA:418,13,1,1
BRDA:469,14,0,16
BRDA:469,14,1,4
BRDA:472,15,0,8
BRDA:472,15,1,12
BRDA:480,16,0,4
BRDA:480,16,1,8
BRDA:505,17,0,1
BRDA:505,17,1,218
BRDA:505,18,0,219
BRDA:505,18,1,219
BRDA:513,19,0,32
BRDA:513,19,1,38
BRDA:534,20,0,13
BRDA:534,20,1,3
BRDA:548,21,0,37
BRDA:548,21,1,1
BRDA:594,22,0,22
BRDA:594,22,1,2
BRDA:609,23,0,4
BRDA:609,23,1,157
BRDA:609,24,0,161
BRDA:609,24,1,157
BRDA:616,25,0,95
BRDA:616,25,1,1
BRDA:690,26,0,1
BRDA:690,26,1,23
BRDA:706,27,0,1
BRDA:706,27,1,23
BRDA:722,28,0,36
BRDA:722,28,1,1
BRDA:728,29,0,36
BRDA:728,29,1,1
BRDA:729,30,0,36
BRDA:729,30,1,1
BRDA:770,31,0,1
BRDA:770,31,1,1
BRDA:807,32,0,1
BRDA:807,32,1,1
BRDA:868,33,0,1
BRDA:868,33,1,11
BRDA:965,34,0,1
BRDA:965,34,1,2
BRDA:969,35,0,1
BRDA:969,35,1,2
BRDA:1014,36,0,1
BRDA:1014,36,1,205
BRDA:1018,37,0,1
BRDA:1018,37,1,204
BRDA:1024,38,0,1
BRDA:1024,38,1,203
BRDA:1033,39,0,1
BRDA:1033,39,1,202
BRDA:1033,40,0,203
BRDA:1033,40,1,202
BRDA:1038,41,0,152
BRDA:1038,41,1,50
BRDA:1038,42,0,202
BRDA:1038,42,1,51
BRDA:1049,43,0,1
BRDA:1049,43,1,315
BRDA:1053,44,0,1
BRDA:1053,44,1,314
BRDA:1059,45,0,185
BRDA:1059,45,1,129
BRDA:1059,46,0,314
BRDA:1059,46,1,130
BRDA:1064,47,0,1
BRDA:1064,47,1,442
BRDA:1067,48,0,265
BRDA:1067,48,1,177
BRDA:1068,49,0,1
BRDA:1068,49,1,264
BRDA:1110,50,0,204
BRDA:1110,50,1,242
BRDA:1115,51,0,446
BRDA:1134,52,0,3
BRDA:1134,52,1,2
BRDA:1148,53,0,4
BRDA:1148,53,1,2
BRDA:1167,54,0,3
BRDA:1167,54,1,263
BRDA:1172,55,0,7
BRDA:1172,55,1,259
BRDA:1258,56,0,37
BRDA:1258,56,1,96
BRDA:1264,57,0,36
BRDA:1264,57,1,97
BRDA:1269,58,0,1
BRDA:1269,58,1,133
BRF:117
BRH:117
end_of_record
TN:
SF:C:\Users\holger\Documents\GitHub\nextcloud-node-client\src\environment.ts
FN:16,(anonymous_1)
FN:35,(anonymous_2)
FNF:2
FNH:2
FNDA:9,(anonymous_1)
FNDA:9,(anonymous_2)
DA:2,1
DA:4,1
DA:5,1
DA:6,1
DA:8,1
DA:10,1
DA:17,9
DA:18,9
DA:19,9
DA:20,9
DA:23,8
DA:25,1
DA:37,9
DA:38,2
DA:42,7
DA:43,1
DA:47,6
DA:48,1
DA:52,5
LF:19
LH:19
BRDA:20,0,0,8
BRDA:20,0,1,1
BRDA:20,1,0,9
BRDA:20,1,1,4
BRDA:20,1,2,3
BRDA:20,1,3,2
BRDA:20,1,4,6
BRDA:37,2,0,2
BRDA:37,2,1,7
BRDA:42,3,0,1
BRDA:42,3,1,6
BRDA:47,4,0,1
BRDA:47,4,1,5
BRF:13
BRH:13
end_of_record
TN:
SF:C:\Users\holger\Documents\GitHub\nextcloud-node-client\src\environmentVcapServices.ts
FN:21,(anonymous_1)
FN:64,(anonymous_2)
FNF:2
FNH:2
FNDA:8,(anonymous_1)
FNDA:2,(anonymous_2)
DA:2,1
DA:4,1
DA:5,1
DA:6,1
DA:7,1
DA:9,1
DA:16,1
DA:23,8
DA:24,2
DA:27,6
DA:28,6
DA:30,6
DA:31,1
DA:32,1
DA:35,5
DA:36,1
DA:41,4
DA:42,1
DA:47,3
DA:48,1
DA:53,2
DA:54,2
DA:55,2
DA:65,2
LF:24
LH:24
BRDA:23,0,0,2
BRDA:23,0,1,6
BRDA:30,1,0,1
BRDA:30,1,1,5
BRDA:30,2,0,6
BRDA:30,2,1,6
BRDA:30,2,2,6
BRDA:30,2,3,2
BRDA:30,2,4,1
BRDA:35,3,0,1
BRDA:35,3,1,4
BRDA:41,4,0,1
BRDA:41,4,1,3
BRDA:47,5,0,1
BRDA:47,5,1,2
BRF:15
BRH:15
end_of_record
TN:
SF:C:\Users\holger\Documents\GitHub\nextcloud-node-client\src\error.ts
FN:8,(anonymous_0)
FNF:1
FNH:1
FNDA:45,(anonymous_0)
DA:2,1
DA:4,1
DA:9,45
DA:10,45
DA:11,45
LF:5
LH:5
BRF:0
BRH:0
end_of_record
TN:
SF:C:\Users\holger\Documents\GitHub\nextcloud-node-client\src\fakeServer.ts
FN:14,(anonymous_8)
FN:17,(anonymous_9)
FNF:2
FNH:2
FNDA:109,(anonymous_8)
FNDA:448,(anonymous_9)
DA:1,1
DA:2,1
DA:10,1
DA:12,1
DA:13,109
DA:15,109
DA:18,448
DA:19,448
DA:20,2
DA:23,448
DA:24,448
DA:25,1
DA:27,447
DA:31,447
DA:33,447
DA:34,445
DA:37,447
DA:38,25
DA:41,447
DA:42,75
DA:43,75
DA:44,75
DA:45,75
DA:46,75
DA:47,75
DA:48,75
DA:50,372
LF:27
LH:27
BRDA:19,0,0,2
BRDA:19,0,1,446
BRDA:24,1,0,1
BRDA:24,1,1,447
BRDA:33,2,0,445
BRDA:33,2,1,2
BRDA:37,3,0,25
BRDA:37,3,1,422
BRDA:41,4,0,75
BRDA:41,4,1,372
BRF:10
BRH:10
end_of_record
TN:
SF:C:\Users\holger\Documents\GitHub\nextcloud-node-client\src\file.ts
FN:15,(anonymous_7)
FN:28,(anonymous_8)
FN:33,(anonymous_9)
FN:38,(anonymous_10)
FN:42,(anonymous_11)
FN:46,(anonymous_12)
FN:50,(anonymous_13)
FN:59,(anonymous_14)
FN:70,(anonymous_16)
FN:85,(anonymous_18)
FN:94,(anonymous_20)
FN:103,(anonymous_21)
FN:112,(anonymous_22)
FN:121,(anonymous_24)
FN:135,(anonymous_26)
FN:149,(anonymous_28)
FN:161,(anonymous_30)
FN:166,(anonymous_32)
FNF:18
FNH:18
FNDA:38,(anonymous_7)
FNDA:10,(anonymous_8)
FNDA:2,(anonymous_9)
FNDA:2,(anonymous_10)
FNDA:2,(anonymous_11)
FNDA:2,(anonymous_12)
FNDA:27,(anonymous_13)
FNDA:11,(anonymous_14)
FNDA:2,(anonymous_16)
FNDA:2,(anonymous_18)
FNDA:3,(anonymous_20)
FNDA:1,(anonymous_21)
FNDA:8,(anonymous_22)
FNDA:3,(anonymous_24)
FNDA:2,(anonymous_26)
FNDA:4,(anonymous_28)
FNDA:1,(anonymous_30)
FNDA:71,(anonymous_32)
DA:2,1
DA:4,1
DA:16,38
DA:25,38
DA:29,10
DA:30,9
DA:34,2
DA:35,1
DA:39,2
DA:40,1
DA:43,2
DA:44,1
DA:47,2
DA:48,1
DA:51,27
DA:52,25
DA:60,11
DA:61,11
DA:71,2
DA:72,1
DA:73,1
DA:74,1
DA:75,1
DA:76,1
DA:77,1
DA:78,1
DA:86,2
DA:87,2
DA:95,3
DA:96,3
DA:104,1
DA:105,1
DA:113,8
DA:114,8
DA:122,3
DA:123,3
DA:124,3
DA:125,3
DA:126,5
DA:128,3
DA:136,2
DA:137,2
DA:139,2
DA:140,2
DA:141,1
DA:150,4
DA:151,4
DA:162,1
DA:163,1
DA:167,71
DA:168,8
LF:51
LH:51
BRDA:140,0,0,1
BRDA:140,0,1,1
BRDA:167,1,0,8
BRDA:167,1,1,63
BRF:4
BRH:4
end_of_record
TN:
SF:C:\Users\holger\Documents\GitHub\nextcloud-node-client\src\folder.ts
FN:17,(anonymous_8)
FN:29,(anonymous_9)
FN:34,(anonymous_10)
FN:39,(anonymous_11)
FN:44,(anonymous_12)
FN:53,(anonymous_13)
FN:62,(anonymous_15)
FN:74,(anonymous_17)
FN:83,(anonymous_19)
FN:94,(anonymous_21)
FN:106,(anonymous_23)
FN:128,(anonymous_25)
FN:140,(anonymous_27)
FN:153,(anonymous_29)
FN:162,(anonymous_30)
FN:172,(anonymous_31)
FN:186,(anonymous_33)
FN:194,(anonymous_35)
FN:208,(anonymous_37)
FN:223,(anonymous_39)
FN:235,(anonymous_41)
FN:240,(anonymous_43)
FNF:22
FNH:22
FNDA:103,(anonymous_8)
FNDA:106,(anonymous_9)
FNDA:2,(anonymous_10)
FNDA:2,(anonymous_11)
FNDA:18,(anonymous_12)
FNDA:1,(anonymous_13)
FNDA:2,(anonymous_15)
FNDA:2,(anonymous_17)
FNDA:1,(anonymous_19)
FNDA:4,(anonymous_21)
FNDA:21,(anonymous_23)
FNDA:22,(anonymous_25)
FNDA:1,(anonymous_27)
FNDA:1,(anonymous_29)
FNDA:1,(anonymous_30)
FNDA:2,(anonymous_31)
FNDA:3,(anonymous_33)
FNDA:2,(anonymous_35)
FNDA:2,(anonymous_37)
FNDA:4,(anonymous_39)
FNDA:2,(anonymous_41)
FNDA:174,(anonymous_43)
DA:2,1
DA:5,1
DA:8,1
DA:19,103
DA:20,103
DA:30,106
DA:31,105
DA:35,2
DA:36,1
DA:40,2
DA:41,1
DA:45,18
DA:46,16
DA:54,1
DA:55,1
DA:63,2
DA:64,2
DA:65,2
DA:66,1
DA:68,1
DA:75,2
DA:76,2
DA:84,1
DA:85,1
DA:95,4
DA:96,4
DA:107,21
DA:109,21
DA:110,21
DA:113,21
DA:114,162
DA:115,1
DA:121,20
DA:129,22
DA:130,22
DA:131,22
DA:141,1
DA:142,1
DA:143,1
DA:144,1
DA:145,1
DA:146,1
DA:154,1
DA:155,1
DA:163,1
DA:164,1
DA:173,2
DA:175,2
DA:176,2
DA:177,1
DA:179,1
DA:187,3
DA:195,2
DA:196,2
DA:197,2
DA:198,2
DA:199,5
DA:201,2
DA:209,2
DA:210,2
DA:211,2
DA:213,2
DA:214,2
DA:215,1
DA:224,4
DA:225,4
DA:236,2
DA:237,2
DA:241,174
DA:242,5
LF:70
LH:70
BRDA:17,0,0,4
BRDA:65,1,0,1
BRDA:65,1,1,1
BRDA:114,2,0,1
BRDA:114,2,1,161
BRDA:176,3,0,1
BRDA:176,3,1,1
BRDA:214,4,0,1
BRDA:214,4,1,1
BRDA:241,5,0,5
BRDA:241,5,1,169
BRF:11
BRH:11
end_of_record
TN:
SF:C:\Users\holger\Documents\GitHub\nextcloud-node-client\src\httpClient.ts
FN:39,(anonymous_9)
FN:46,(anonymous_10)
FN:88,(anonymous_12)
FN:88,(anonymous_13)
FN:92,(anonymous_14)
FN:92,(anonymous_15)
FN:96,(anonymous_16)
FN:96,(anonymous_17)
FNF:8
FNH:8
FNDA:9,(anonymous_9)
FNDA:6,(anonymous_10)
FNDA:2,(anonymous_12)
FNDA:2,(anonymous_13)
FNDA:1,(anonymous_14)
FNDA:1,(anonymous_15)
FNDA:1,(anonymous_16)
FNDA:1,(anonymous_17)
DA:1,1
DA:2,1
DA:3,1
DA:4,1
DA:9,1
DA:10,1
DA:11,1
DA:13,1
DA:33,1
DA:40,9
DA:41,9
DA:42,9
DA:43,9
DA:44,9
DA:48,6
DA:49,5
DA:52,6
DA:53,1
DA:56,6
DA:57,1
DA:60,6
DA:61,3
DA:63,6
DA:66,6
DA:67,2
DA:68,2
DA:73,2
DA:74,2
DA:75,1
DA:79,6
DA:80,6
DA:82,6
DA:84,3
DA:85,1
DA:88,2
DA:89,2
DA:92,1
DA:93,1
DA:96,1
DA:97,1
DA:101,1
DA:106,1
DA:111,1
DA:112,1
DA:115,3
DA:117,3
DA:118,1
DA:119,1
DA:120,1
DA:121,1
DA:122,1
DA:123,1
DA:124,1
DA:132,2
LF:54
LH:54
BRDA:43,0,0,9
BRDA:43,0,1,5
BRDA:44,1,0,9
BRDA:44,1,1,1
BRDA:48,2,0,5
BRDA:48,2,1,1
BRDA:52,3,0,1
BRDA:52,3,1,5
BRDA:56,4,0,1
BRDA:56,4,1,5
BRDA:60,5,0,3
BRDA:60,5,1,3
BRDA:66,6,0,2
BRDA:66,6,1,4
BRDA:74,7,0,1
BRDA:74,7,1,1
BRDA:84,8,0,1
BRDA:84,8,1,2
BRDA:109,9,0,1
BRDA:109,9,1,1
BRDA:117,10,0,1
BRDA:117,10,1,2
BRF:22
BRH:22
end_of_record
TN:
SF:C:\Users\holger\Documents\GitHub\nextcloud-node-client\src\server.ts
FN:25,(anonymous_1)
FNF:1
FNH:1
FNDA:9,(anonymous_1)
DA:1,1
DA:4,1
DA:19,1
DA:26,9
DA:27,9
DA:28,9
DA:29,9
DA:30,9
DA:31,1
DA:33,8
LF:10
LH:10
BRDA:30,0,0,1
BRDA:30,0,1,8
BRF:2
BRH:2
end_of_record
TN:
SF:C:\Users\holger\Documents\GitHub\nextcloud-node-client\src\tag.ts
FN:11,(anonymous_7)
FN:19,(anonymous_8)
FN:22,(anonymous_10)
FNF:3
FNH:3
FNDA:87,(anonymous_7)
FNDA:18,(anonymous_8)
FNDA:1,(anonymous_10)
DA:4,1
DA:12,87
DA:13,87
DA:14,87
DA:15,87
DA:16,87
DA:17,87
DA:20,18
DA:23,1
LF:9
LH:9
BRF:0
BRH:0
end_of_record
