TN:
SF:src\client.ts
FN:75,(anonymous_9)
FN:138,(anonymous_10)
FN:183,(anonymous_12)
FN:224,(anonymous_14)
FN:242,(anonymous_16)
FN:260,(anonymous_18)
FN:279,(anonymous_20)
FN:295,(anonymous_22)
FN:338,(anonymous_24)
FN:378,(anonymous_26)
FN:397,(anonymous_28)
FN:428,(anonymous_30)
FN:500,(anonymous_32)
FN:563,(anonymous_34)
FN:589,(anonymous_36)
FN:605,(anonymous_38)
FN:638,(anonymous_40)
FN:662,(anonymous_42)
FN:689,(anonymous_44)
FN:717,(anonymous_46)
FN:746,(anonymous_48)
FN:783,(anonymous_50)
FN:820,(anonymous_52)
FN:846,(anonymous_54)
FN:851,(anonymous_55)
FN:865,(anonymous_56)
FN:933,(anonymous_58)
FN:964,(anonymous_60)
FN:1012,(anonymous_62)
FN:1109,(anonymous_64)
FN:1129,(anonymous_66)
FN:1167,(anonymous_68)
FN:1180,(anonymous_69)
FN:1184,(anonymous_70)
FN:1206,(anonymous_72)
FN:1278,(anonymous_74)
FNF:36
FNH:36
FNDA:112,(anonymous_9)
FNDA:12,(anonymous_10)
FNDA:20,(anonymous_12)
FNDA:34,(anonymous_14)
FNDA:2,(anonymous_16)
FNDA:19,(anonymous_18)
FNDA:1,(anonymous_20)
FNDA:38,(anonymous_22)
FNDA:9,(anonymous_24)
FNDA:2,(anonymous_26)
FNDA:2,(anonymous_28)
FNDA:9,(anonymous_30)
FNDA:71,(anonymous_32)
FNDA:34,(anonymous_34)
FNDA:24,(anonymous_36)
FNDA:161,(anonymous_38)
FNDA:3,(anonymous_40)
FNDA:2,(anonymous_42)
FNDA:24,(anonymous_44)
FNDA:42,(anonymous_46)
FNDA:3,(anonymous_48)
FNDA:3,(anonymous_50)
FNDA:2,(anonymous_52)
FNDA:5,(anonymous_54)
FNDA:2,(anonymous_55)
FNDA:12,(anonymous_56)
FNDA:8,(anonymous_58)
FNDA:3,(anonymous_60)
FNDA:205,(anonymous_62)
FNDA:448,(anonymous_64)
FNDA:5,(anonymous_66)
FNDA:266,(anonymous_68)
FNDA:122,(anonymous_69)
FNDA:52,(anonymous_70)
FNDA:199,(anonymous_72)
FNDA:24,(anonymous_74)
DA:1,1
DA:2,1
DA:3,1
DA:8,1
DA:9,1
DA:10,1
DA:11,1
DA:12,1
DA:13,1
DA:14,1
DA:15,1
DA:16,1
DA:17,1
DA:20,1
DA:21,1
DA:22,1
DA:23,1
DA:24,1
DA:25,1
DA:26,1
DA:29,1
DA:44,1
DA:46,1
DA:54,112
DA:76,112
DA:77,112
DA:78,112
DA:79,112
DA:80,112
DA:84,112
DA:85,2
DA:86,2
DA:87,1
DA:89,1
DA:90,1
DA:94,111
DA:96,4
DA:98,4
DA:100,4
DA:102,1
DA:105,3
DA:107,3
DA:109,3
DA:110,3
DA:111,3
DA:112,1
DA:114,2
DA:117,3
DA:119,3
DA:126,3
DA:129,110
DA:130,107
DA:131,107
DA:139,12
DA:140,12
DA:144,12
DA:150,12
DA:152,4
DA:153,4
DA:154,18
DA:155,9
DA:159,9
DA:160,3
DA:165,4
DA:166,1
DA:167,1
DA:169,3
DA:170,3
DA:185,20
DA:188,20
DA:189,20
DA:190,2
DA:194,18
DA:200,18
DA:206,18
DA:207,18
DA:208,18
DA:209,1
DA:213,17
DA:215,17
DA:216,17
DA:226,34
DA:228,34
DA:229,34
DA:230,85
DA:231,14
DA:234,20
DA:244,2
DA:246,2
DA:247,2
DA:248,6
DA:249,1
DA:252,1
DA:262,19
DA:264,19
DA:268,19
DA:281,1
DA:283,1
DA:285,1
DA:287,3
DA:296,38
DA:297,38
DA:311,38
DA:313,38
DA:319,38
DA:320,38
DA:322,38
DA:323,105
DA:331,38
DA:339,9
DA:341,9
DA:355,9
DA:356,9
DA:362,9
DA:363,9
DA:365,9
DA:366,16
DA:369,9
DA:370,9
DA:379,2
DA:381,2
DA:385,2
DA:390,2
DA:398,2
DA:400,2
DA:410,2
DA:416,2
DA:418,2
DA:419,2
DA:420,1
DA:424,1
DA:425,1
DA:429,9
DA:431,9
DA:457,9
DA:458,9
DA:464,8
DA:466,8
DA:468,8
DA:469,20
DA:470,20
DA:471,16
DA:473,20
DA:474,8
DA:476,12
DA:477,12
DA:478,12
DA:479,12
DA:480,12
DA:481,12
DA:482,4
DA:483,4
DA:484,4
DA:486,8
DA:488,12
DA:492,8
DA:501,71
DA:502,71
DA:504,71
DA:505,71
DA:506,219
DA:507,1
DA:513,70
DA:514,70
DA:515,32
DA:516,32
DA:519,38
DA:520,38
DA:521,38
DA:524,5
DA:525,5
DA:526,5
DA:527,5
DA:529,5
DA:531,16
DA:532,16
DA:533,16
DA:535,16
DA:536,14
DA:539,14
DA:540,14
DA:542,2
DA:548,38
DA:549,38
DA:550,37
DA:551,37
DA:553,1
DA:565,34
DA:566,34
DA:568,34
DA:571,34
DA:572,34
DA:580,1
DA:581,1
DA:590,24
DA:591,24
DA:593,24
DA:595,24
DA:596,22
DA:606,161
DA:607,161
DA:610,161
DA:611,4
DA:614,157
DA:615,157
DA:616,95
DA:617,95
DA:618,94
DA:624,1
DA:625,1
DA:628,62
DA:629,62
DA:639,3
DA:640,3
DA:641,3
DA:643,3
DA:645,3
DA:646,4
DA:647,4
DA:654,3
DA:663,2
DA:664,2
DA:665,2
DA:667,2
DA:669,2
DA:670,2
DA:672,2
DA:681,2
DA:691,24
DA:692,1
DA:695,24
DA:696,24
DA:698,24
DA:701,24
DA:702,24
DA:705,24
DA:707,24
DA:708,1
DA:710,23
DA:718,42
DA:720,42
DA:721,42
DA:722,37
DA:723,37
DA:724,36
DA:732,1
DA:733,1
DA:736,5
DA:737,5
DA:748,3
DA:749,3
DA:751,3
DA:753,3
DA:757,3
DA:758,3
DA:766,1
DA:767,1
DA:770,2
DA:771,2
DA:772,1
DA:775,1
DA:785,3
DA:786,3
DA:788,3
DA:790,3
DA:794,3
DA:795,3
DA:803,1
DA:804,1
DA:807,2
DA:808,2
DA:809,1
DA:812,1
DA:821,2
DA:822,2
DA:823,2
DA:827,2
DA:828,2
DA:834,1
DA:835,1
DA:838,1
DA:847,5
DA:848,5
DA:852,2
DA:853,2
DA:866,12
DA:867,12
DA:869,12
DA:870,1
DA:873,11
DA:881,11
DA:887,11
DA:934,8
DA:936,8
DA:943,8
DA:949,8
DA:965,3
DA:966,3
DA:967,1
DA:970,3
DA:971,1
DA:974,3
DA:983,3
DA:989,3
DA:990,3
DA:991,3
DA:992,6
DA:995,3
DA:1013,205
DA:1015,205
DA:1016,1
DA:1019,204
DA:1020,1
DA:1023,203
DA:1025,203
DA:1026,1
DA:1028,202
DA:1031,202
DA:1034,202
DA:1035,1
DA:1039,201
DA:1040,148
DA:1047,201
DA:1048,201
DA:1050,351
DA:1051,1
DA:1054,350
DA:1055,1
DA:1057,349
DA:1060,349
DA:1061,220
DA:1064,349
DA:1065,478
DA:1066,1
DA:1068,477
DA:1069,300
DA:1070,1
DA:1072,299
DA:1073,299
DA:1074,299
DA:1079,197
DA:1111,448
DA:1112,206
DA:1116,448
DA:1117,448
DA:1130,5
DA:1131,5
DA:1132,5
DA:1133,5
DA:1135,5
DA:1136,3
DA:1138,2
DA:1140,5
DA:1141,5
DA:1146,4
DA:1148,4
DA:1149,6
DA:1151,4
DA:1155,2
DA:1156,2
DA:1161,1
DA:1164,5
DA:1168,266
DA:1169,3
DA:1172,266
DA:1173,266
DA:1174,7
DA:1177,266
DA:1181,122
DA:1186,52
DA:1187,52
DA:1189,52
DA:1192,52
DA:1193,52
DA:1201,5
DA:1202,5
DA:1208,199
DA:1209,199
DA:1211,199
DA:1234,199
DA:1235,199
DA:1243,66
DA:1244,66
DA:1247,133
DA:1248,133
DA:1250,133
DA:1251,132
DA:1259,132
DA:1260,37
DA:1262,95
DA:1265,132
DA:1266,36
DA:1270,133
DA:1271,1
DA:1272,1
DA:1275,132
DA:1280,24
DA:1281,24
DA:1283,24
DA:1288,24
DA:1295,24
LF:401
LH:401
BRDA:84,0,0,2
BRDA:84,0,1,110
BRDA:94,1,0,4
BRDA:94,1,1,107
BRDA:100,2,0,1
BRDA:100,2,1,3
BRDA:111,3,0,1
BRDA:111,3,1,2
BRDA:129,4,0,107
BRDA:129,4,1,3
BRDA:154,5,0,9
BRDA:154,5,1,9
BRDA:159,6,0,3
BRDA:159,6,1,6
BRDA:165,7,0,1
BRDA:165,7,1,3
BRDA:189,8,0,2
BRDA:189,8,1,18
BRDA:208,9,0,1
BRDA:208,9,1,17
BRDA:208,10,0,18
BRDA:208,10,1,18
BRDA:230,11,0,14
BRDA:230,11,1,71
BRDA:248,12,0,1
BRDA:248,12,1,5
BRDA:419,13,0,1
BRDA:419,13,1,1
BRDA:470,14,0,16
BRDA:470,14,1,4
BRDA:473,15,0,8
BRDA:473,15,1,12
BRDA:481,16,0,4
BRDA:481,16,1,8
BRDA:506,17,0,1
BRDA:506,17,1,218
BRDA:506,18,0,219
BRDA:506,18,1,219
BRDA:514,19,0,32
BRDA:514,19,1,38
BRDA:535,20,0,14
BRDA:535,20,1,2
BRDA:549,21,0,37
BRDA:549,21,1,1
BRDA:595,22,0,22
BRDA:595,22,1,2
BRDA:610,23,0,4
BRDA:610,23,1,157
BRDA:610,24,0,161
BRDA:610,24,1,157
BRDA:617,25,0,94
BRDA:617,25,1,1
BRDA:691,26,0,1
BRDA:691,26,1,23
BRDA:707,27,0,1
BRDA:707,27,1,23
BRDA:723,28,0,36
BRDA:723,28,1,1
BRDA:729,29,0,36
BRDA:729,29,1,1
BRDA:730,30,0,36
BRDA:730,30,1,1
BRDA:771,31,0,1
BRDA:771,31,1,1
BRDA:808,32,0,1
BRDA:808,32,1,1
BRDA:869,33,0,1
BRDA:869,33,1,11
BRDA:966,34,0,1
BRDA:966,34,1,2
BRDA:970,35,0,1
BRDA:970,35,1,2
BRDA:1015,36,0,1
BRDA:1015,36,1,204
BRDA:1019,37,0,1
BRDA:1019,37,1,203
BRDA:1025,38,0,1
BRDA:1025,38,1,202
BRDA:1034,39,0,1
BRDA:1034,39,1,201
BRDA:1034,40,0,202
BRDA:1034,40,1,201
BRDA:1039,41,0,148
BRDA:1039,41,1,53
BRDA:1039,42,0,201
BRDA:1039,42,1,54
BRDA:1050,43,0,1
BRDA:1050,43,1,350
BRDA:1054,44,0,1
BRDA:1054,44,1,349
BRDA:1060,45,0,220
BRDA:1060,45,1,129
BRDA:1060,46,0,349
BRDA:1060,46,1,130
BRDA:1065,47,0,1
BRDA:1065,47,1,477
BRDA:1068,48,0,300
BRDA:1068,48,1,177
BRDA:1069,49,0,1
BRDA:1069,49,1,299
BRDA:1111,50,0,206
BRDA:1111,50,1,242
BRDA:1116,51,0,448
BRDA:1135,52,0,3
BRDA:1135,52,1,2
BRDA:1149,53,0,4
BRDA:1149,53,1,2
BRDA:1168,54,0,3
BRDA:1168,54,1,263
BRDA:1173,55,0,7
BRDA:1173,55,1,259
BRDA:1259,56,0,37
BRDA:1259,56,1,95
BRDA:1265,57,0,36
BRDA:1265,57,1,96
BRDA:1270,58,0,1
BRDA:1270,58,1,132
BRF:117
BRH:117
end_of_record
TN:
SF:src\environment.ts
FN:16,(anonymous_1)
FN:35,(anonymous_2)
FNF:2
FNH:2
FNDA:9,(anonymous_1)
FNDA:9,(anonymous_2)
DA:2,1
DA:4,1
DA:5,1
DA:6,1
DA:8,1
DA:10,1
DA:17,9
DA:18,9
DA:19,9
DA:20,9
DA:23,8
DA:25,1
DA:37,9
DA:38,2
DA:42,7
DA:43,1
DA:47,6
DA:48,1
DA:52,5
LF:19
LH:19
BRDA:20,0,0,8
BRDA:20,0,1,1
BRDA:20,1,0,9
BRDA:20,1,1,4
BRDA:20,1,2,3
BRDA:20,1,3,2
BRDA:20,1,4,6
BRDA:37,2,0,2
BRDA:37,2,1,7
BRDA:42,3,0,1
BRDA:42,3,1,6
BRDA:47,4,0,1
BRDA:47,4,1,5
BRF:13
BRH:13
end_of_record
TN:
SF:src\environmentVcapServices.ts
FN:21,(anonymous_1)
FN:64,(anonymous_2)
FNF:2
FNH:2
FNDA:8,(anonymous_1)
FNDA:2,(anonymous_2)
DA:2,1
DA:4,1
DA:5,1
DA:6,1
DA:7,1
DA:9,1
DA:16,1
DA:23,8
DA:24,2
DA:27,6
DA:28,6
DA:30,6
DA:31,1
DA:32,1
DA:35,5
DA:36,1
DA:41,4
DA:42,1
DA:47,3
DA:48,1
DA:53,2
DA:54,2
DA:55,2
DA:65,2
LF:24
LH:24
BRDA:23,0,0,2
BRDA:23,0,1,6
BRDA:30,1,0,1
BRDA:30,1,1,5
BRDA:30,2,0,6
BRDA:30,2,1,6
BRDA:30,2,2,6
BRDA:30,2,3,2
BRDA:30,2,4,1
BRDA:35,3,0,1
BRDA:35,3,1,4
BRDA:41,4,0,1
BRDA:41,4,1,3
BRDA:47,5,0,1
BRDA:47,5,1,2
BRF:15
BRH:15
end_of_record
TN:
SF:src\error.ts
FN:8,(anonymous_0)
FNF:1
FNH:1
FNDA:45,(anonymous_0)
DA:2,1
DA:4,1
DA:9,45
DA:10,45
DA:11,45
LF:5
LH:5
BRF:0
BRH:0
end_of_record
TN:
SF:src\fakeServer.ts
FN:14,(anonymous_8)
FN:17,(anonymous_9)
FNF:2
FNH:2
FNDA:109,(anonymous_8)
FNDA:450,(anonymous_9)
DA:1,1
DA:2,1
DA:10,1
DA:12,1
DA:13,109
DA:15,109
DA:18,450
DA:19,450
DA:20,2
DA:23,450
DA:24,450
DA:25,1
DA:27,449
DA:31,449
DA:33,449
DA:34,447
DA:37,449
DA:38,25
DA:41,449
DA:42,76
DA:43,76
DA:44,76
DA:45,76
DA:46,76
DA:47,76
DA:48,76
DA:50,373
LF:27
LH:27
BRDA:19,0,0,2
BRDA:19,0,1,448
BRDA:24,1,0,1
BRDA:24,1,1,449
BRDA:33,2,0,447
BRDA:33,2,1,2
BRDA:37,3,0,25
BRDA:37,3,1,424
BRDA:41,4,0,76
BRDA:41,4,1,373
BRF:10
BRH:10
end_of_record
TN:
SF:src\file.ts
FN:15,(anonymous_7)
FN:28,(anonymous_8)
FN:33,(anonymous_9)
FN:38,(anonymous_10)
FN:42,(anonymous_11)
FN:46,(anonymous_12)
FN:50,(anonymous_13)
FN:59,(anonymous_14)
FN:70,(anonymous_16)
FN:85,(anonymous_18)
FN:94,(anonymous_20)
FN:103,(anonymous_21)
FN:112,(anonymous_22)
FN:121,(anonymous_24)
FN:135,(anonymous_26)
FN:149,(anonymous_28)
FN:161,(anonymous_30)
FN:166,(anonymous_32)
FNF:18
FNH:18
FNDA:38,(anonymous_7)
FNDA:10,(anonymous_8)
FNDA:2,(anonymous_9)
FNDA:2,(anonymous_10)
FNDA:2,(anonymous_11)
FNDA:2,(anonymous_12)
FNDA:27,(anonymous_13)
FNDA:11,(anonymous_14)
FNDA:2,(anonymous_16)
FNDA:2,(anonymous_18)
FNDA:3,(anonymous_20)
FNDA:1,(anonymous_21)
FNDA:8,(anonymous_22)
FNDA:3,(anonymous_24)
FNDA:2,(anonymous_26)
FNDA:4,(anonymous_28)
FNDA:1,(anonymous_30)
FNDA:71,(anonymous_32)
DA:2,1
DA:4,1
DA:16,38
DA:25,38
DA:29,10
DA:30,9
DA:34,2
DA:35,1
DA:39,2
DA:40,1
DA:43,2
DA:44,1
DA:47,2
DA:48,1
DA:51,27
DA:52,25
DA:60,11
DA:61,11
DA:71,2
DA:72,1
DA:73,1
DA:74,1
DA:75,1
DA:76,1
DA:77,1
DA:78,1
DA:86,2
DA:87,2
DA:95,3
DA:96,3
DA:104,1
DA:105,1
DA:113,8
DA:114,8
DA:122,3
DA:123,3
DA:124,3
DA:125,3
DA:126,5
DA:128,3
DA:136,2
DA:137,2
DA:139,2
DA:140,2
DA:141,1
DA:150,4
DA:151,4
DA:162,1
DA:163,1
DA:167,71
DA:168,8
LF:51
LH:51
BRDA:140,0,0,1
BRDA:140,0,1,1
BRDA:167,1,0,8
BRDA:167,1,1,63
BRF:4
BRH:4
end_of_record
TN:
SF:src\folder.ts
FN:17,(anonymous_8)
FN:29,(anonymous_9)
FN:34,(anonymous_10)
FN:39,(anonymous_11)
FN:44,(anonymous_12)
FN:53,(anonymous_13)
FN:62,(anonymous_15)
FN:74,(anonymous_17)
FN:83,(anonymous_19)
FN:94,(anonymous_21)
FN:106,(anonymous_23)
FN:128,(anonymous_25)
FN:140,(anonymous_27)
FN:153,(anonymous_29)
FN:162,(anonymous_30)
FN:172,(anonymous_31)
FN:186,(anonymous_33)
FN:194,(anonymous_35)
FN:208,(anonymous_37)
FN:223,(anonymous_39)
FN:235,(anonymous_41)
FN:240,(anonymous_43)
FNF:22
FNH:22
FNDA:102,(anonymous_8)
FNDA:106,(anonymous_9)
FNDA:2,(anonymous_10)
FNDA:2,(anonymous_11)
FNDA:18,(anonymous_12)
FNDA:1,(anonymous_13)
FNDA:2,(anonymous_15)
FNDA:2,(anonymous_17)
FNDA:1,(anonymous_19)
FNDA:4,(anonymous_21)
FNDA:21,(anonymous_23)
FNDA:22,(anonymous_25)
FNDA:1,(anonymous_27)
FNDA:1,(anonymous_29)
FNDA:1,(anonymous_30)
FNDA:2,(anonymous_31)
FNDA:3,(anonymous_33)
FNDA:2,(anonymous_35)
FNDA:2,(anonymous_37)
FNDA:4,(anonymous_39)
FNDA:2,(anonymous_41)
FNDA:174,(anonymous_43)
DA:2,1
DA:5,1
DA:8,1
DA:19,102
DA:20,102
DA:30,106
DA:31,105
DA:35,2
DA:36,1
DA:40,2
DA:41,1
DA:45,18
DA:46,16
DA:54,1
DA:55,1
DA:63,2
DA:64,2
DA:65,2
DA:66,1
DA:68,1
DA:75,2
DA:76,2
DA:84,1
DA:85,1
DA:95,4
DA:96,4
DA:107,21
DA:109,21
DA:110,21
DA:113,21
DA:114,162
DA:115,1
DA:121,20
DA:129,22
DA:130,22
DA:131,22
DA:141,1
DA:142,1
DA:143,1
DA:144,1
DA:145,1
DA:146,1
DA:154,1
DA:155,1
DA:163,1
DA:164,1
DA:173,2
DA:175,2
DA:176,2
DA:177,1
DA:179,1
DA:187,3
DA:195,2
DA:196,2
DA:197,2
DA:198,2
DA:199,5
DA:201,2
DA:209,2
DA:210,2
DA:211,2
DA:213,2
DA:214,2
DA:215,1
DA:224,4
DA:225,4
DA:236,2
DA:237,2
DA:241,174
DA:242,5
LF:70
LH:70
BRDA:17,0,0,4
BRDA:65,1,0,1
BRDA:65,1,1,1
BRDA:114,2,0,1
BRDA:114,2,1,161
BRDA:176,3,0,1
BRDA:176,3,1,1
BRDA:214,4,0,1
BRDA:214,4,1,1
BRDA:241,5,0,5
BRDA:241,5,1,169
BRF:11
BRH:11
end_of_record
TN:
SF:src\httpClient.ts
FN:39,(anonymous_9)
FN:46,(anonymous_10)
FN:88,(anonymous_12)
FN:88,(anonymous_13)
FN:92,(anonymous_14)
FN:92,(anonymous_15)
FN:96,(anonymous_16)
FN:96,(anonymous_17)
FNF:8
FNH:8
FNDA:9,(anonymous_9)
FNDA:6,(anonymous_10)
FNDA:2,(anonymous_12)
FNDA:2,(anonymous_13)
FNDA:1,(anonymous_14)
FNDA:1,(anonymous_15)
FNDA:1,(anonymous_16)
FNDA:1,(anonymous_17)
DA:1,1
DA:2,1
DA:3,1
DA:4,1
DA:9,1
DA:10,1
DA:11,1
DA:13,1
DA:33,1
DA:40,9
DA:41,9
DA:42,9
DA:43,9
DA:44,9
DA:48,6
DA:49,5
DA:52,6
DA:53,1
DA:56,6
DA:57,1
DA:60,6
DA:61,3
DA:63,6
DA:66,6
DA:67,2
DA:68,2
DA:73,2
DA:74,2
DA:75,1
DA:79,6
DA:80,6
DA:82,6
DA:84,3
DA:85,1
DA:88,2
DA:89,2
DA:92,1
DA:93,1
DA:96,1
DA:97,1
DA:101,1
DA:106,1
DA:111,1
DA:112,1
DA:115,3
DA:117,3
DA:118,1
DA:119,1
DA:120,1
DA:121,1
DA:122,1
DA:123,1
DA:124,1
DA:132,2
LF:54
LH:54
BRDA:43,0,0,9
BRDA:43,0,1,5
BRDA:44,1,0,9
BRDA:44,1,1,1
BRDA:48,2,0,5
BRDA:48,2,1,1
BRDA:52,3,0,1
BRDA:52,3,1,5
BRDA:56,4,0,1
BRDA:56,4,1,5
BRDA:60,5,0,3
BRDA:60,5,1,3
BRDA:66,6,0,2
BRDA:66,6,1,4
BRDA:74,7,0,1
BRDA:74,7,1,1
BRDA:84,8,0,1
BRDA:84,8,1,2
BRDA:109,9,0,1
BRDA:109,9,1,1
BRDA:117,10,0,1
BRDA:117,10,1,2
BRF:22
BRH:22
end_of_record
TN:
SF:src\requestResponseLog.ts
FN:27,(anonymous_8)
FN:13,(anonymous_9)
FN:16,(anonymous_10)
FN:32,(anonymous_11)
FN:54,(anonymous_13)
FN:65,(anonymous_15)
FN:76,(anonymous_17)
FN:80,(anonymous_18)
FN:87,(anonymous_19)
FNF:9
FNH:9
FNDA:8,(anonymous_8)
FNDA:7,(anonymous_9)
FNDA:96,(anonymous_10)
FNDA:10,(anonymous_11)
FNDA:90,(anonymous_13)
FNDA:92,(anonymous_15)
FNDA:190,(anonymous_17)
FNDA:8,(anonymous_18)
FNDA:92,(anonymous_19)
DA:2,1
DA:3,1
DA:4,1
DA:5,1
DA:8,1
DA:10,1
DA:11,1
DA:14,7
DA:17,96
DA:18,8
DA:20,96
DA:22,1
DA:24,8
DA:26,8
DA:28,8
DA:29,8
DA:33,10
DA:34,10
DA:35,1
DA:36,1
DA:38,9
DA:39,7
DA:40,4
DA:44,9
DA:45,6
DA:46,4
DA:50,9
DA:51,9
DA:55,90
DA:56,90
DA:57,1
DA:58,1
DA:61,89
DA:62,57
DA:66,92
DA:67,92
DA:69,92
DA:70,92
DA:73,92
DA:77,190
DA:81,8
DA:82,6
DA:84,2
DA:88,92
DA:89,92
DA:90,92
DA:92,92
DA:93,366
DA:94,92
DA:96,274
DA:99,366
DA:100,366
DA:101,15
DA:103,351
LF:54
LH:54
BRDA:17,0,0,8
BRDA:17,0,1,88
BRDA:34,1,0,1
BRDA:34,1,1,9
BRDA:38,2,0,7
BRDA:38,2,1,2
BRDA:38,3,0,9
BRDA:38,3,1,7
BRDA:39,4,0,4
BRDA:39,4,1,3
BRDA:44,5,0,6
BRDA:44,5,1,3
BRDA:45,6,0,4
BRDA:45,6,1,2
BRDA:56,7,0,1
BRDA:56,7,1,89
BRDA:81,8,0,6
BRDA:81,8,1,2
BRDA:93,9,0,92
BRDA:93,9,1,274
BRF:20
BRH:20
end_of_record
TN:
SF:src\requestResponseLogEntry.ts
FN:8,(anonymous_0)
FN:23,(anonymous_1)
FN:35,(anonymous_2)
FNF:3
FNH:3
FNDA:6,(anonymous_0)
FNDA:6,(anonymous_1)
FNDA:10,(anonymous_2)
DA:2,1
DA:9,6
DA:10,6
DA:11,6
DA:12,6
DA:17,1
DA:24,6
DA:25,6
DA:26,6
DA:27,6
DA:32,1
DA:36,10
DA:37,10
LF:13
LH:13
BRF:0
BRH:0
end_of_record
TN:
SF:src\server.ts
FN:25,(anonymous_1)
FNF:1
FNH:1
FNDA:9,(anonymous_1)
DA:1,1
DA:4,1
DA:19,1
DA:26,9
DA:27,9
DA:28,9
DA:29,9
DA:30,9
DA:31,1
DA:33,8
LF:10
LH:10
BRDA:30,0,0,1
BRDA:30,0,1,8
BRF:2
BRH:2
end_of_record
TN:
SF:src\tag.ts
FN:11,(anonymous_7)
FN:19,(anonymous_8)
FN:22,(anonymous_10)
FNF:3
FNH:3
FNDA:122,(anonymous_7)
FNDA:19,(anonymous_8)
FNDA:1,(anonymous_10)
DA:4,1
DA:12,122
DA:13,122
DA:14,122
DA:15,122
DA:16,122
DA:17,122
DA:20,19
DA:23,1
LF:9
LH:9
BRF:0
BRH:0
end_of_record
